<?xml version="1.0" encoding="utf-8"?><testsuites name="pytest tests"><testsuite name="pytest" errors="0" failures="0" skipped="0" tests="5" time="7.544" timestamp="2026-08-14T17:22:00.463556+00:00" hostname="agent-env-3ac0c79b-e6ce-4787-bbaf-4a52f8159cee"><testcase classname="tests.test_iter137_e2e_api_signalment.TestMarkReport" name="test_mark_report_send_and_list" time="7.228" /><testcase classname="tests.test_iter137_e2e_api_signalment.TestArradonChenal" name="test_distance_reduced" time="7.231" /><testcase classname="tests.test_iter137_e2e_api_signalment.TestArradonChenal" name="test_waypoint_in_chenal_box" time="0.000" /><testcase classname="tests.test_iter137_e2e_api_signalment.TestArradonChenal" name="test_no_wrong_side_marks" time="0.000" /><testcase classname="tests.test_iter137_e2e_api_signalment.TestArradonChenal" name="test_no_grazing_warning" time="0.000" /></testsuite></testsuites>