<?xml version="1.0" encoding="utf-8"?><testsuites name="pytest tests"><testsuite name="pytest" errors="0" failures="0" skipped="0" tests="10" time="25.415" timestamp="2026-08-10T16:54:58.719426+00:00" hostname="agent-env-cbb29254-6e9a-4c3d-9323-2680a0ca6f89"><testcase classname="tests.test_iter133_engine_d_integration" name="test_engines_listing" time="0.280" /><testcase classname="tests.test_iter133_engine_d_integration" name="test_vilaine_engine_d_http_200" time="9.331" /><testcase classname="tests.test_iter133_engine_d_integration" name="test_vilaine_engine_d_shallow_flag" time="0.000" /><testcase classname="tests.test_iter133_engine_d_integration" name="test_vilaine_engine_d_no_wrong_side_marks" time="0.000" /><testcase classname="tests.test_iter133_engine_d_integration" name="test_vilaine_engine_d_no_wrong_side_warning" time="0.000" /><testcase classname="tests.test_iter133_engine_d_integration" name="test_illur_engine_d_http_200" time="3.357" /><testcase classname="tests.test_iter133_engine_d_integration" name="test_illur_engine_d_no_wrong_side_illur" time="0.000" /><testcase classname="tests.test_iter133_engine_d_integration" name="test_illur_engine_d_route_passes_north_of_illur" time="0.000" /><testcase classname="tests.test_iter133_engine_d_integration" name="test_vilaine_engine_b_http_200" time="12.424" /><testcase classname="tests.test_iter133_engine_d_integration" name="test_vilaine_engine_b_no_wrong_side_marks_field" time="0.000" /></testsuite></testsuites>