<?xml version="1.0" encoding="utf-8"?><testsuites name="pytest tests"><testsuite name="pytest" errors="0" failures="0" skipped="1" tests="8" time="17.823" timestamp="2026-08-27T06:41:10.136925+00:00" hostname="agent-env-756a8a72-38dd-47e0-be80-ff71949739dd"><testcase classname="tests.test_iter143_review_extra" name="test_engine_h_params_exposed" time="0.631" /><testcase classname="tests.test_iter140_perf_route_10s" name="test_00_warmup" time="3.105" /><testcase classname="tests.test_iter143_review_extra" name="test_engine_h_lorient_warning_route_officielle" time="2.517" /><testcase classname="tests.test_iter140_perf_route_10s" name="test_perf1_lorient_to_golfe_under_10s" time="5.068" /><testcase classname="tests.test_iter143_review_extra" name="test_engine_h_open_sea_fallback_no_tracks" time="0.237" /><testcase classname="tests.test_iter140_perf_route_10s" name="test_perf2_lorient_to_trinite_under_5s" time="1.324" /><testcase classname="tests.test_iter140_perf_route_10s" name="test_iter139_lorient_wrong_side_empty" time="1.617"><skipped type="pytest.xfail" message="iter143 : faux positifs Jument/N°4 sur engine_f (faux couples) — corrigés par le Moteur H, F gelé" /></testcase><testcase classname="tests.test_iter140_perf_route_10s" name="test_sanity_engine_e_200" time="6.360" /></testsuite></testsuites>