<?xml version="1.0" encoding="utf-8"?><testsuites name="pytest tests"><testsuite name="pytest" errors="0" failures="0" skipped="0" tests="8" time="6.651" timestamp="2026-08-26T18:34:49.049389+00:00" hostname="agent-env-756a8a72-38dd-47e0-be80-ff71949739dd"><testcase classname="tests.test_iter142_ingestion_lorient.TestIsobaths" name="test_lorient_bbox" time="0.235" /><testcase classname="tests.test_iter142_ingestion_lorient.TestBathyDepthLittoral" name="test_tourelle_aime_depth" time="1.622" /><testcase classname="tests.test_iter142_ingestion_lorient.TestIsobaths" name="test_morbihan_bbox_non_reg" time="0.251" /><testcase classname="tests.test_iter142_ingestion_lorient.TestSafeRoutesFile" name="test_json_valid" time="0.001" /><testcase classname="tests.test_iter142_ingestion_lorient.TestRouteLorient" name="test_route_lorient_engine_f" time="3.913" /><testcase classname="tests.test_iter142_ingestion_lorient.TestBathyDepthLittoral" name="test_port_tudy_groix_covered" time="1.282" /><testcase classname="tests.test_iter142_ingestion_lorient.TestBathyDepthLittoral" name="test_coverage_contains_litto3d" time="0.179" /><testcase classname="tests.test_iter142_ingestion_lorient.TestRouteMorbihanPilot" name="test_arradon_belle_ile" time="1.901" /></testsuite></testsuites>