<?xml version="1.0" encoding="utf-8"?><testsuites name="pytest tests"><testsuite name="pytest" errors="0" failures="0" skipped="0" tests="8" time="29.283" timestamp="2026-08-31T09:41:34.771088+00:00" hostname="agent-env-58b5cc0b-27b6-45bf-bc92-0f41e7099716"><testcase classname="tests.test_iter147_moteur_i_ecretage" name="test_suspects_uniquement_errants_blanche" time="0.467" /><testcase classname="tests.test_iter147_moteur_i_ecretage" name="test_reseau_ecrete_au_tirant_way_736" time="9.046" /><testcase classname="tests.test_iter147_moteur_i_ecretage" name="test_engine_i_official_tracks_api" time="2.999" /><testcase classname="tests.test_iter147_moteur_i_ecretage" name="test_strip_suspect_wrong_sides_unit" time="0.001" /><testcase classname="tests.test_iter147_moteur_i_ecretage" name="test_engine_h_gel_implicite" time="2.567" /><testcase classname="tests.test_iter147_moteur_i_ecretage" name="test_fallback_jamais_pire_que_f" time="8.990" /><testcase classname="tests.test_iter147_moteur_i_ecretage" name="test_errants_detour_fantome_supprime" time="4.849" /><testcase classname="tests.test_iter147_moteur_i_ecretage" name="test_errants_doublon_mesure" time="0.000" /></testsuite></testsuites>