<?xml version="1.0" encoding="utf-8"?><testsuites name="pytest tests"><testsuite name="pytest" errors="0" failures="0" skipped="1" tests="23" time="29.500" timestamp="2026-09-02T09:55:27.444513+00:00" hostname="agent-env-58b5cc0b-27b6-45bf-bc92-0f41e7099716"><testcase classname="tests.test_iter136_moteur_f_trinite_truie" name="test_registry_a_signalmar_v6" time="0.000" /><testcase classname="tests.test_iter144_bathy_lorient_passes" name="test_bug_a_kernevel_marina_to_larmor" time="2.956" /><testcase classname="tests.test_iter144_bathy_lorient_passes" name="test_bug_b_kernevel_entree_grand_chenal" time="0.413" /><testcase classname="tests.test_iter144_bathy_lorient_passes" name="test_bug_c_large_to_port_lorient" time="2.557" /><testcase classname="tests.test_iter136_moteur_f_trinite_truie" name="test_moteur_e_fige_conserve_son_bug_truie" time="3.678" /><testcase classname="tests.test_iter136_moteur_f_trinite_truie" name="test_f_truie_du_bon_cote" time="2.103" /><testcase classname="tests.test_iter136_moteur_f_trinite_truie" name="test_f_aucun_avertissement_mauvais_cote_ni_frolement" time="0.000" /><testcase classname="tests.test_iter136_moteur_f_trinite_truie" name="test_f_chenal_trinite_respecte" time="0.001" /><testcase classname="tests.test_iter136_moteur_f_trinite_truie" name="test_f_arrivee_atteinte_exactement" time="0.000" /><testcase classname="tests.test_iter144_bathy_lorient_passes" name="test_bug_c_engine_h_official_tracks" time="6.921" /><testcase classname="tests.test_iter136_moteur_f_trinite_truie" name="test_f_pas_de_trajectoire_en_z" time="2.365" /><testcase classname="tests.test_iter136_moteur_f_trinite_truie" name="test_f_route_z_arrivee_et_balises" time="0.000" /><testcase classname="tests.test_iter136_moteur_f_trinite_truie" name="test_f_fond_jamais_degrade" time="0.000" /><testcase classname="tests.test_iter136_moteur_f_trinite_truie" name="test_f_illur_nord_2_sens_comme_d_et_e" time="1.801" /><testcase classname="tests.test_iter140_perf_route_10s" name="test_00_warmup" time="2.270" /><testcase classname="tests.test_iter140_perf_route_10s" name="test_perf1_lorient_to_golfe_under_10s" time="6.080" /><testcase classname="tests.test_iter144_bathy_lorient_passes" name="test_bathy_axe_passe_jument_citadelle_ok" time="1.262" /><testcase classname="tests.test_iter144_bathy_lorient_passes" name="test_bathy_pengarne_danger_preserve" time="0.193" /><testcase classname="tests.test_iter155_verrou_dernier_recours" name="test_engine_i_verrou_dernier_recours_cascade_degradee" time="2.243" /><testcase classname="tests.test_iter155_verrou_dernier_recours" name="test_engine_f_comportement_inchange_cascade" time="2.016" /><testcase classname="tests.test_iter140_perf_route_10s" name="test_perf2_lorient_to_trinite_under_5s" time="1.519" /><testcase classname="tests.test_iter140_perf_route_10s" name="test_iter139_lorient_wrong_side_empty" time="2.049"><skipped type="pytest.xfail" message="iter143 : faux positifs Jument/N°4 sur engine_f (faux couples) — corrigés par le Moteur H, F gelé" /></testcase><testcase classname="tests.test_iter140_perf_route_10s" name="test_sanity_engine_e_200" time="6.751" /></testsuite></testsuites>