<?xml version="1.0" encoding="utf-8"?><testsuites name="pytest tests"><testsuite name="pytest" errors="0" failures="0" skipped="0" tests="6" time="14.909" timestamp="2026-08-31T08:44:21.749240+00:00" hostname="agent-env-58b5cc0b-27b6-45bf-bc92-0f41e7099716"><testcase classname="tests.test_iter147_moteur_i_ecretage" name="test_suspects_uniquement_errants_blanche" time="0.486" /><testcase classname="tests.test_iter147_moteur_i_ecretage" name="test_reseau_ecrete_au_tirant_way_736" time="8.916" /><testcase classname="tests.test_iter147_moteur_i_ecretage" name="test_engine_i_official_tracks_api" time="2.756" /><testcase classname="tests.test_iter147_moteur_i_ecretage" name="test_strip_suspect_wrong_sides_unit" time="0.001" /><testcase classname="tests.test_iter147_moteur_i_ecretage" name="test_engine_h_gel_implicite" time="2.385" /><testcase classname="tests.test_iter147_moteur_i_ecretage" name="test_errants_doublon_mesure" time="0.000" /></testsuite></testsuites>