<?xml version="1.0" encoding="utf-8"?><testsuites name="pytest tests"><testsuite name="pytest" errors="0" failures="0" skipped="0" tests="16" time="11.266" timestamp="2026-08-24T08:54:08.278005+00:00" hostname="agent-env-3ac0c79b-e6ce-4787-bbaf-4a52f8159cee"><testcase classname="tests.test_iter138_e2e_public.TestEnginesFrozen" name="test_engines_expose_frozen_and_algo_version" time="0.459" /><testcase classname="tests.test_iter138_e2e_public.TestEnginesFrozen" name="test_rename_frozen_engine_refused" time="0.110" /><testcase classname="tests.test_iter138_e2e_public.TestEnginesFrozen" name="test_deactivate_frozen_engine_refused" time="0.097" /><testcase classname="tests.test_iter138_e2e_public.TestEnginesFrozen" name="test_include_inactive_admin" time="0.091" /><testcase classname="tests.test_iter138_e2e_public.TestStrictEngineResolution" name="test_unknown_engine_404" time="0.094" /><testcase classname="tests.test_iter138_e2e_public.TestStrictEngineResolution" name="test_recompute_unknown_saved_route_404" time="0.100" /><testcase classname="tests.test_iter138_e2e_public.TestJobRereadable" name="test_job_readable_after_done_multiple_reads" time="2.585" /><testcase classname="tests.test_iter138_e2e_public.TestP0ArriveeATerre" name="test_end_snapped_arrivee_a_terre" time="4.534" /><testcase classname="tests.test_iter138_e2e_public.TestP0ArriveeATerre" name="test_min_depth_safe" time="0.000" /><testcase classname="tests.test_iter138_e2e_public.TestP0ArriveeATerre" name="test_warning_present" time="0.000" /><testcase classname="tests.test_iter138_e2e_public.TestP0ArriveeATerre" name="test_engine_e_regression_bug_frozen" time="2.412" /><testcase classname="tests.test_iter138_e2e_public.TestErrorCodes" name="test_otp_wrong_code_400" time="0.204" /><testcase classname="tests.test_iter138_e2e_public.TestErrorCodes" name="test_bbox_inverted_422" time="0.097" /><testcase classname="tests.test_iter138_e2e_public.TestErrorCodes" name="test_notification_unknown_404" time="0.095" /><testcase classname="tests.test_iter138_e2e_public.TestErrorCodes" name="test_duplicate_report_returns_duplicate_true" time="0.245" /><testcase classname="tests.test_iter138_e2e_public.TestDevSwitchGate" name="test_dev_switch_reachable_when_enabled" time="0.097" /></testsuite></testsuites>