<?xml version="1.0" encoding="utf-8"?><testsuites name="pytest tests"><testsuite name="pytest" errors="0" failures="1" skipped="0" tests="14" time="2.683" timestamp="2026-09-08T13:59:22.663054+00:00" hostname="agent-env-9204372b-3b0d-44b7-ad9c-fb6d275847e4"><testcase classname="tests.test_tile_reader" name="test_index_metadata" time="0.001" /><testcase classname="tests.test_tile_reader" name="test_stats_partial_delivery" time="0.001" /><testcase classname="tests.test_tile_reader" name="test_depth_matches_mosaic" time="0.006" /><testcase classname="tests.test_tile_reader" name="test_island_bake_is_none" time="0.002" /><testcase classname="tests.test_tile_reader" name="test_missing_tile_file_is_graceful" time="0.001" /><testcase classname="tests.test_tile_reader" name="test_out_of_coverage" time="0.000" /><testcase classname="tests.test_tile_reader" name="test_subcell_offset_neighbor_fallback" time="0.000" /><testcase classname="tests.test_tile_reader" name="test_tiles_for_bbox" time="0.000" /><testcase classname="tests.test_iter163_bathy_tiles.TestTilesSource" name="test_bathy_tiles_source" time="1.300" /><testcase classname="tests.test_iter163_bathy_tiles.TestDalles" name="test_z12_morbihan_opaque_png" time="0.168" /><testcase classname="tests.test_iter163_bathy_tiles.TestDalles" name="test_z12_cache_relecture_rapide" time="0.273" /><testcase classname="tests.test_iter163_bathy_tiles.TestDalles" name="test_z8_transparent" time="0.157"><failure message="AssertionError: z8 non transparent, alpha extrema=(127, 127)&#10;assert 127 == 0">E   AssertionError: z8 non transparent, alpha extrema=(127, 127)
    assert 127 == 0</failure></testcase><testcase classname="tests.test_iter163_bathy_tiles.TestSeamarks" name="test_gregan_present" time="0.367" /><testcase classname="tests.test_iter163_bathy_tiles.TestSeamarks" name="test_arcachon_more_than_50" time="0.286" /></testsuite></testsuites>