<?xml version="1.0" encoding="utf-8"?><testsuites name="pytest tests"><testsuite name="pytest" errors="0" failures="0" skipped="0" tests="4" time="1.703" timestamp="2026-09-09T13:05:13.467142+00:00" hostname="agent-env-9204372b-3b0d-44b7-ad9c-fb6d275847e4"><testcase classname="tests.test_iter165_v16_ui.TestDallesList" name="test_dalles_list_polygon" time="1.385" /><testcase classname="tests.test_iter165_v16_ui.TestSeamarksLimit" name="test_seamarks_bbox_high_limit" time="0.382" /><testcase classname="tests.test_iter165_v16_ui.TestSeamarksLimit" name="test_seamarks_limit_over_5000_is_422" time="0.134" /><testcase classname="tests.test_iter165_v16_ui.TestSeamarksLimit" name="test_seamarks_default_limit_600" time="0.191" /></testsuite></testsuites>