<?xml version="1.0" encoding="utf-8"?><testsuites name="pytest tests"><testsuite name="pytest" errors="0" failures="0" skipped="0" tests="3" time="17.595" timestamp="2026-08-13T15:35:02.551469+00:00" hostname="agent-env-3ac0c79b-e6ce-4787-bbaf-4a52f8159cee"><testcase classname="tests.test_iter136_e2e_api_engine_f.TestEngineEFrozen" name="test_engine_e_still_has_truie_bug" time="16.784" /><testcase classname="tests.test_iter136_e2e_api_engine_f.TestEngineFCorrections" name="test_engine_f_route_arradon_trinite" time="17.060" /><testcase classname="tests.test_iter136_e2e_api_engine_f.TestEnginesList" name="test_engines_list_contains_f_and_e" time="0.194" /></testsuite></testsuites>