<?xml version="1.0" encoding="utf-8"?><testsuites name="pytest tests"><testsuite name="pytest" errors="0" failures="0" skipped="0" tests="19" time="17.850" timestamp="2026-08-13T15:33:59.232720+00:00" hostname="agent-env-3ac0c79b-e6ce-4787-bbaf-4a52f8159cee"><testcase classname="tests.test_iter135_retours_moteur_e" name="test_grand_mouton_cote_ouest_confiant" time="0.177" /><testcase classname="tests.test_iter133_sens_conventionnel_isolees" name="test_illur_est_isolee_et_son_cote_navigable_est_le_nord" time="0.172" /><testcase classname="tests.test_iter133_sens_conventionnel_isolees" name="test_direction_conventionnelle_confiante_chiralite_verte" time="0.001" /><testcase classname="tests.test_iter133_sens_conventionnel_isolees" name="test_isolee_ambigue_reste_sans_signal" time="0.001" /><testcase classname="tests.test_iter133_sens_conventionnel_isolees" name="test_couple_prioritaire_sur_la_bathy" time="0.000" /><testcase classname="tests.test_iter133_sens_conventionnel_isolees" name="test_navigable_side_refuse_les_non_laterales" time="0.000" /><testcase classname="tests.test_iter133_sens_conventionnel_isolees" name="test_hors_mode_d_mark_dir_reste_le_gradient_historique" time="0.397" /><testcase classname="tests.test_iter133_sens_conventionnel_isolees" name="test_algo_v4_enregistre_et_moteurs_geles_intacts" time="0.013" /><testcase classname="tests.test_iter133_sens_conventionnel_isolees" name="test_mode_d_ne_leve_jamais_un_cote_fiable" time="0.005" /><testcase classname="tests.test_iter133_sens_conventionnel_isolees" name="test_moteur_d_passe_au_nord_d_illur_dans_les_deux_sens" time="2.237" /><testcase classname="tests.test_iter134_moteur_e" name="test_v5_enregistre_et_geles_intacts" time="0.000" /><testcase classname="tests.test_iter134_moteur_e" name="test_couples_reciproques_au_crouesty" time="0.001" /><testcase classname="tests.test_iter134_moteur_e" name="test_couple_ecarte_chenal_vannes_respecte" time="1.271" /><testcase classname="tests.test_iter134_moteur_e" name="test_arrivee_crouesty_atteinte" time="6.119" /><testcase classname="tests.test_iter134_moteur_e" name="test_illur_au_nord_dans_les_deux_sens" time="2.678" /><testcase classname="tests.test_iter135_retours_moteur_e" name="test_grand_mouton_passee_a_l_ouest" time="15.772" /><testcase classname="tests.test_iter135_retours_moteur_e" name="test_aucun_mauvais_cote_route_crouesty" time="0.000" /><testcase classname="tests.test_iter135_retours_moteur_e" name="test_pas_d_embardee_entree_du_port" time="0.000" /><testcase classname="tests.test_iter135_retours_moteur_e" name="test_logoden_au_sud_chenal_de_vannes" time="1.248" /></testsuite></testsuites>