<?xml version="1.0" encoding="utf-8"?><testsuites name="pytest tests"><testsuite name="pytest" errors="0" failures="0" skipped="0" tests="3" time="30.695" timestamp="2026-09-02T09:54:24.182682+00:00" hostname="agent-env-58b5cc0b-27b6-45bf-bc92-0f41e7099716"><testcase classname="tests.test_iter154_moteur_i_balisage_absolu" name="test_engine_i_jamais_pire_que_f_lorient" time="8.270" /><testcase classname="tests.test_iter154_moteur_i_balisage_absolu" name="test_engine_i_tirant_2m_pas_pire_que_1m" time="2.011" /><testcase classname="tests.test_iter154_moteur_i_balisage_absolu" name="test_engine_i_arradon_lorient_stable" time="20.102" /></testsuite></testsuites>