<?xml version="1.0" encoding="utf-8"?><testsuites name="pytest tests"><testsuite name="pytest" errors="0" failures="0" skipped="0" tests="16" time="22.579" timestamp="2026-08-14T17:20:38.631670+00:00" hostname="agent-env-3ac0c79b-e6ce-4787-bbaf-4a52f8159cee"><testcase classname="tests.test_iter136_moteur_f_trinite_truie" name="test_registry_a_signalmar_v6" time="0.000" /><testcase classname="tests.test_iter137_cardinale_chenal" name="test_b5_prend_le_chenal_court" time="3.492" /><testcase classname="tests.test_iter137_cardinale_chenal" name="test_passage_entre_truie_et_druic[res_b5]" time="0.001" /><testcase classname="tests.test_iter137_cardinale_chenal" name="test_passage_entre_truie_et_druic[res_ct]" time="3.487" /><testcase classname="tests.test_iter137_cardinale_chenal" name="test_b5_ct_convergent" time="0.000" /><testcase classname="tests.test_iter137_cardinale_chenal" name="test_cap_cardinale_seulement_en_mode_v6" time="0.006" /><testcase classname="tests.test_iter137_cardinale_chenal" name="test_moteur_e_b5_inchange" time="3.900" /><testcase classname="tests.test_iter136_moteur_f_trinite_truie" name="test_moteur_e_fige_conserve_son_bug_truie" time="7.900" /><testcase classname="tests.test_iter136_moteur_f_trinite_truie" name="test_f_truie_du_bon_cote" time="6.553" /><testcase classname="tests.test_iter136_moteur_f_trinite_truie" name="test_f_aucun_avertissement_mauvais_cote_ni_frolement" time="0.000" /><testcase classname="tests.test_iter136_moteur_f_trinite_truie" name="test_f_chenal_trinite_respecte" time="0.001" /><testcase classname="tests.test_iter136_moteur_f_trinite_truie" name="test_f_arrivee_atteinte_exactement" time="0.000" /><testcase classname="tests.test_iter136_moteur_f_trinite_truie" name="test_f_pas_de_trajectoire_en_z" time="5.141" /><testcase classname="tests.test_iter136_moteur_f_trinite_truie" name="test_f_route_z_arrivee_et_balises" time="0.000" /><testcase classname="tests.test_iter136_moteur_f_trinite_truie" name="test_f_fond_jamais_degrade" time="0.000" /><testcase classname="tests.test_iter136_moteur_f_trinite_truie" name="test_f_illur_nord_2_sens_comme_d_et_e" time="2.204" /></testsuite></testsuites>