<?xml version="1.0" encoding="utf-8"?><testsuites name="pytest tests"><testsuite name="pytest" errors="0" failures="0" skipped="0" tests="3" time="158.497" timestamp="2026-08-26T08:38:21.875974+00:00" hostname="agent-env-3ac0c79b-e6ce-4787-bbaf-4a52f8159cee"><testcase classname="tests.test_iter139_e2e_lorient" name="test_engine_f_lorient_route_ok" time="52.862" /><testcase classname="tests.test_iter139_e2e_lorient" name="test_engine_e_lorient_still_returns_result" time="52.677" /><testcase classname="tests.test_iter139_e2e_lorient" name="test_engine_f_route_has_depth_profile_and_threshold" time="52.616" /></testsuite></testsuites>