<?xml version="1.0" encoding="utf-8"?><testsuites name="pytest tests"><testsuite name="pytest" errors="9" failures="0" skipped="0" tests="40" time="11.585" timestamp="2026-08-26T13:17:36.282533+00:00" hostname="agent-env-3ac0c79b-e6ce-4787-bbaf-4a52f8159cee"><testcase classname="tests.test_iter130_engine_c_marks" name="test_south_cardinal_wrong_side_is_detected[80.0]" time="0.103" /><testcase classname="tests.test_iter130_engine_c_marks" name="test_south_cardinal_wrong_side_is_detected[150.0]" time="0.000" /><testcase classname="tests.test_iter130_engine_c_marks" name="test_south_cardinal_wrong_side_is_detected[200.0]" time="0.000" /><testcase classname="tests.test_iter130_engine_c_marks" name="test_south_cardinal_right_side_is_clean[-80.0]" time="0.000" /><testcase classname="tests.test_iter130_engine_c_marks" name="test_south_cardinal_right_side_is_clean[-150.0]" time="0.000" /><testcase classname="tests.test_iter130_engine_c_marks" name="test_south_cardinal_right_side_is_clean[-300.0]" time="0.000" /><testcase classname="tests.test_iter130_engine_c_marks" name="test_cardinal_interdiction_stops_beyond_the_shoal_it_marks" time="0.000" /><testcase classname="tests.test_iter130_engine_c_marks" name="test_tight_channel_pair_does_not_impose_its_side_from_outside" time="0.000" /><testcase classname="tests.test_iter129_engine_c_rules" name="test_rules_endpoint_publishes_the_four_rules" time="0.493" /><testcase classname="tests.test_iter130_engine_c_marks" name="test_no_mark_left_on_the_wrong_side_across_the_gulf[start0-end0]" time="0.272"><error message="failed on setup with &quot;AssertionError: {&quot;detail&quot;:&quot;Code expiré. Demandez un nouveau code.&quot;}&#10;assert 410 == 200&#10; +  where 410 = &lt;Response [410]&gt;.status_code&quot;">tests/test_iter130_engine_c_marks.py:70: in admin
    assert r.status_code == 200, r.text[:200]
E   AssertionError: {"detail":"Code expiré. Demandez un nouveau code."}
E   assert 410 == 200
E    +  where 410 = &lt;Response [410]&gt;.status_code</error></testcase><testcase classname="tests.test_iter130_engine_c_marks" name="test_no_mark_left_on_the_wrong_side_across_the_gulf[start1-end1]" time="0.000"><error message="failed on setup with &quot;AssertionError: {&quot;detail&quot;:&quot;Code expiré. Demandez un nouveau code.&quot;}&#10;assert 410 == 200&#10; +  where 410 = &lt;Response [410]&gt;.status_code&quot;">tests/test_iter130_engine_c_marks.py:70: in admin
    assert r.status_code == 200, r.text[:200]
E   AssertionError: {"detail":"Code expiré. Demandez un nouveau code."}
E   assert 410 == 200
E    +  where 410 = &lt;Response [410]&gt;.status_code</error></testcase><testcase classname="tests.test_iter130_engine_c_marks" name="test_no_mark_left_on_the_wrong_side_across_the_gulf[start2-end2]" time="0.000"><error message="failed on setup with &quot;AssertionError: {&quot;detail&quot;:&quot;Code expiré. Demandez un nouveau code.&quot;}&#10;assert 410 == 200&#10; +  where 410 = &lt;Response [410]&gt;.status_code&quot;">tests/test_iter130_engine_c_marks.py:70: in admin
    assert r.status_code == 200, r.text[:200]
E   AssertionError: {"detail":"Code expiré. Demandez un nouveau code."}
E   assert 410 == 200
E    +  where 410 = &lt;Response [410]&gt;.status_code</error></testcase><testcase classname="tests.test_iter130_engine_c_marks" name="test_no_mark_left_on_the_wrong_side_across_the_gulf[start3-end3]" time="0.000"><error message="failed on setup with &quot;AssertionError: {&quot;detail&quot;:&quot;Code expiré. Demandez un nouveau code.&quot;}&#10;assert 410 == 200&#10; +  where 410 = &lt;Response [410]&gt;.status_code&quot;">tests/test_iter130_engine_c_marks.py:70: in admin
    assert r.status_code == 200, r.text[:200]
E   AssertionError: {"detail":"Code expiré. Demandez un nouveau code."}
E   assert 410 == 200
E    +  where 410 = &lt;Response [410]&gt;.status_code</error></testcase><testcase classname="tests.test_iter130_engine_c_marks" name="test_no_mark_left_on_the_wrong_side_across_the_gulf[start4-end4]" time="0.000"><error message="failed on setup with &quot;AssertionError: {&quot;detail&quot;:&quot;Code expiré. Demandez un nouveau code.&quot;}&#10;assert 410 == 200&#10; +  where 410 = &lt;Response [410]&gt;.status_code&quot;">tests/test_iter130_engine_c_marks.py:70: in admin
    assert r.status_code == 200, r.text[:200]
E   AssertionError: {"detail":"Code expiré. Demandez un nouveau code."}
E   assert 410 == 200
E    +  where 410 = &lt;Response [410]&gt;.status_code</error></testcase><testcase classname="tests.test_iter130_engine_c_marks" name="test_no_mark_left_on_the_wrong_side_across_the_gulf[start5-end5]" time="0.000"><error message="failed on setup with &quot;AssertionError: {&quot;detail&quot;:&quot;Code expiré. Demandez un nouveau code.&quot;}&#10;assert 410 == 200&#10; +  where 410 = &lt;Response [410]&gt;.status_code&quot;">tests/test_iter130_engine_c_marks.py:70: in admin
    assert r.status_code == 200, r.text[:200]
E   AssertionError: {"detail":"Code expiré. Demandez un nouveau code."}
E   assert 410 == 200
E    +  where 410 = &lt;Response [410]&gt;.status_code</error></testcase><testcase classname="tests.test_iter130_engine_c_marks" name="test_illur_channel_is_actually_corrected" time="0.000"><error message="failed on setup with &quot;AssertionError: {&quot;detail&quot;:&quot;Code expiré. Demandez un nouveau code.&quot;}&#10;assert 410 == 200&#10; +  where 410 = &lt;Response [410]&gt;.status_code&quot;">tests/test_iter130_engine_c_marks.py:70: in admin
    assert r.status_code == 200, r.text[:200]
E   AssertionError: {"detail":"Code expiré. Demandez un nouveau code."}
E   assert 410 == 200
E    +  where 410 = &lt;Response [410]&gt;.status_code</error></testcase><testcase classname="tests.test_iter130_engine_c_marks" name="test_reversibility_holds_after_side_corrections" time="0.000"><error message="failed on setup with &quot;AssertionError: {&quot;detail&quot;:&quot;Code expiré. Demandez un nouveau code.&quot;}&#10;assert 410 == 200&#10; +  where 410 = &lt;Response [410]&gt;.status_code&quot;">tests/test_iter130_engine_c_marks.py:70: in admin
    assert r.status_code == 200, r.text[:200]
E   AssertionError: {"detail":"Code expiré. Demandez un nouveau code."}
E   assert 410 == 200
E    +  where 410 = &lt;Response [410]&gt;.status_code</error></testcase><testcase classname="tests.test_iter130_engine_c_marks" name="test_frozen_engines_untouched_by_the_cardinal_rule" time="0.000"><error message="failed on setup with &quot;AssertionError: {&quot;detail&quot;:&quot;Code expiré. Demandez un nouveau code.&quot;}&#10;assert 410 == 200&#10; +  where 410 = &lt;Response [410]&gt;.status_code&quot;">tests/test_iter130_engine_c_marks.py:70: in admin
    assert r.status_code == 200, r.text[:200]
E   AssertionError: {"detail":"Code expiré. Demandez un nouveau code."}
E   assert 410 == 200
E    +  where 410 = &lt;Response [410]&gt;.status_code</error></testcase><testcase classname="tests.test_iter129_engine_c_rules" name="test_engine_c_is_seeded_and_bound_to_v3" time="0.081" /><testcase classname="tests.test_iter129_engine_c_rules" name="test_rule1_same_geometry_both_directions" time="1.118" /><testcase classname="tests.test_iter133_sens_conventionnel_isolees" name="test_illur_est_isolee_et_son_cote_navigable_est_le_nord" time="0.160" /><testcase classname="tests.test_iter133_sens_conventionnel_isolees" name="test_direction_conventionnelle_confiante_chiralite_verte" time="0.001" /><testcase classname="tests.test_iter133_sens_conventionnel_isolees" name="test_isolee_ambigue_reste_sans_signal" time="0.001" /><testcase classname="tests.test_iter133_sens_conventionnel_isolees" name="test_couple_prioritaire_sur_la_bathy" time="0.000" /><testcase classname="tests.test_iter133_sens_conventionnel_isolees" name="test_navigable_side_refuse_les_non_laterales" time="0.000" /><testcase classname="tests.test_iter133_sens_conventionnel_isolees" name="test_hors_mode_d_mark_dir_reste_le_gradient_historique" time="0.397" /><testcase classname="tests.test_iter133_sens_conventionnel_isolees" name="test_algo_v4_enregistre_et_moteurs_geles_intacts" time="0.000" /><testcase classname="tests.test_iter133_sens_conventionnel_isolees" name="test_mode_d_ne_leve_jamais_un_cote_fiable" time="0.005" /><testcase classname="tests.test_iter129_engine_c_rules" name="test_rule1_conventional_direction_goes_sea_to_land" time="0.214" /><testcase classname="tests.test_iter129_engine_c_rules" name="test_rule1_no_lateral_left_on_the_wrong_side" time="0.232" /><testcase classname="tests.test_iter129_engine_c_rules" name="test_rule3_lateral_margin_is_measured_and_reported" time="0.214" /><testcase classname="tests.test_iter129_engine_c_rules" name="test_rule4_never_fails_on_fragile_start" time="4.132" /><testcase classname="tests.test_iter133_sens_conventionnel_isolees" name="test_moteur_d_passe_au_nord_d_illur_dans_les_deux_sens" time="2.507" /><testcase classname="tests.test_iter124_routing_shallow_navionics" name="test_shallow_route_arradon_to_arzal" time="3.938" /><testcase classname="tests.test_iter129_engine_c_rules" name="test_rule4_red_legs_carry_a_reason" time="3.588" /><testcase classname="tests.test_iter124_routing_shallow_navionics" name="test_deep_water_route_no_shallow" time="1.252" /><testcase classname="tests.test_iter124_routing_shallow_navionics" name="test_bathy_depth_prudent_min3x3" time="1.326" /><testcase classname="tests.test_iter129_engine_c_rules" name="test_frozen_engines_still_answer_with_their_own_algo[engine_a-signalmar.v1]" time="0.201" /><testcase classname="tests.test_iter129_engine_c_rules" name="test_frozen_engines_still_answer_with_their_own_algo[engine_b-signalmar.v2]" time="0.204" /><testcase classname="tests.test_iter129_engine_c_rules" name="test_frozen_engine_a_is_deterministic_across_calls" time="0.400" /></testsuite></testsuites>