<?xml version="1.0" encoding="utf-8"?><testsuites name="pytest tests"><testsuite name="pytest" errors="0" failures="0" skipped="0" tests="5" time="12.154" timestamp="2026-08-31T14:48:53.399040+00:00" hostname="agent-env-58b5cc0b-27b6-45bf-bc92-0f41e7099716"><testcase classname="tests.test_iter149_jobs_db_persistence.TestComputeAsync" name="test_compute_async_returns_job_id_and_completes" time="2.521" /><testcase classname="tests.test_iter149_jobs_db_persistence.TestPersistenceAcrossRestart" name="test_job_survives_backend_restart" time="6.846" /><testcase classname="tests.test_iter149_jobs_db_persistence.TestJobsCollectionAndTTL" name="test_route_jobs_ttl_index" time="1.316" /><testcase classname="tests.test_iter149_jobs_db_persistence.TestJobSecurity" name="test_unknown_job_id_returns_404" time="0.297" /><testcase classname="tests.test_iter149_jobs_db_persistence.TestManualAsync" name="test_manual_async_completes" time="1.080" /></testsuite></testsuites>