<?xml version="1.0" encoding="utf-8"?><testsuites name="pytest tests"><testsuite name="pytest" errors="84" failures="77" skipped="21" tests="886" time="753.616" timestamp="2026-09-02T09:58:06.083263+00:00" hostname="agent-env-58b5cc0b-27b6-45bf-bc92-0f41e7099716"><testcase classname="tests.test_alert_test_batch" name="test_admin_creates_batch" time="0.463" /><testcase classname="tests.test_alert_test_batch" name="test_replay_deletes_previous" time="0.125" /><testcase classname="tests.test_alert_test_batch" name="test_reports_visible_via_get" time="0.110" /><testcase classname="tests.test_alert_test_batch" name="test_non_whitelisted_forbidden" time="0.335" /><testcase classname="tests.test_alert_test_batch" name="test_cleanup" time="0.131" /><testcase classname="tests.test_dev_bypass.TestDevBypassPositive" name="test_1_create_from_land_succeeds" time="0.622" /><testcase classname="tests.test_dev_bypass.TestDevBypassPositive" name="test_2_patch_two_shifts_bypass_radius_and_one_shift_max" time="0.376" /><testcase classname="tests.test_dev_bypass.TestDevBypassPositive" name="test_3_patch_shift_onto_land_bypasses_sea_check" time="0.247" /><testcase classname="tests.test_dev_bypass.TestDevBypassPositive" name="test_4_confirm_without_gps_or_on_land_bypassed" time="0.745" /><testcase classname="tests.test_dev_bypass.TestDevBypassPositive" name="test_5_delete_quota_bypassed" time="0.534" /><testcase classname="tests.test_dev_bypass.TestNonDevStillStrict" name="test_create_on_land_still_422" time="0.451" /><testcase classname="tests.test_dev_bypass.TestNonDevStillStrict" name="test_confirm_without_gps_still_422" time="1.034" /><testcase classname="tests.test_dev_bypass.TestNonDevStillStrict" name="test_delete_weekly_quota_still_429" time="0.823" /><testcase classname="tests.test_island_land_mask" name="test_island_is_not_navigable[Er Lannic]" time="0.001" /><testcase classname="tests.test_island_land_mask" name="test_island_is_not_navigable[Gavrinis]" time="0.000" /><testcase classname="tests.test_island_land_mask" name="test_island_is_not_navigable[\xcele aux Moines]" time="0.000" /><testcase classname="tests.test_island_land_mask" name="test_island_is_not_navigable[\xcele d'Arz]" time="0.000" /><testcase classname="tests.test_island_land_mask" name="test_island_is_not_navigable[Belle-\xcele (Bangor)]" time="0.000" /><testcase classname="tests.test_island_land_mask" name="test_island_is_not_navigable[Houat (bourg)]" time="0.000" /><testcase classname="tests.test_island_land_mask" name="test_island_is_not_navigable[Ho\xebdic (bourg)]" time="0.000" /><testcase classname="tests.test_island_land_mask" name="test_island_is_not_navigable[\xcele Dumet]" time="0.000" /><testcase classname="tests.test_island_land_mask" name="test_island_is_not_navigable[Groix (bourg)]" time="0.000" /><testcase classname="tests.test_island_land_mask" name="test_island_is_not_navigable[Ouessant (centre)]" time="0.000" /><testcase classname="tests.test_island_land_mask" name="test_island_is_not_navigable[\xcele de Sein (bourg)]" time="0.000" /><testcase classname="tests.test_island_land_mask" name="test_island_is_not_navigable[Br\xe9hat (bourg)]" time="0.000" /><testcase classname="tests.test_island_land_mask" name="test_island_is_not_navigable[\xcele d'Yeu (centre)]" time="0.000" /><testcase classname="tests.test_island_land_mask" name="test_island_is_not_navigable[Noirmoutier (bourg)]" time="0.000" /><testcase classname="tests.test_island_land_mask" name="test_island_is_not_navigable[\xcele de R\xe9 (Bois-Plage)]" time="0.000" /><testcase classname="tests.test_island_land_mask" name="test_islands_in_land_mask[land_mask.npy]" time="0.001" /><testcase classname="tests.test_island_land_mask" name="test_islands_in_land_mask[land_mask_lorient.npy]" time="0.001" /><testcase classname="tests.test_island_land_mask" name="test_islands_in_land_mask[land_mask_atl100.npy]" time="0.001" /><testcase classname="tests.test_island_land_mask" name="test_route_never_crosses_island[devant Er Lannic O\u2192E]" time="1.483" /><testcase classname="tests.test_island_land_mask" name="test_route_never_crosses_island[travers \xcele d'Arz N\u2192S]" time="0.262" /><testcase classname="tests.test_island_land_mask" name="test_route_never_crosses_island[travers Houat O\u2192E]" time="0.046" /><testcase classname="tests.test_island_land_mask" name="test_route_never_crosses_island[travers Groix N\u2192S]" time="0.048" /><testcase classname="tests.test_island_land_mask" name="test_route_never_crosses_island[travers Belle-\xcele NO\u2192SE]" time="0.096" /><testcase classname="tests.test_island_land_mask" name="test_route_never_crosses_island[travers Yeu NO\u2192SE]" time="0.016" /><testcase classname="tests.test_iter100_tiles_anchor.TestShomTiles" name="test_shom_morbihan_ok_png" time="0.184" /><testcase classname="tests.test_iter100_tiles_anchor.TestShomTiles" name="test_shom_second_call_cached_fast" time="0.079" /><testcase classname="tests.test_iter100_tiles_anchor.TestShomTiles" name="test_shom_atl_ok" time="0.075" /><testcase classname="tests.test_iter100_tiles_anchor.TestShomTiles" name="test_shom_unknown_key_404" time="0.070" /><testcase classname="tests.test_iter100_tiles_anchor.TestShomTiles" name="test_shom_zoom_out_of_range_422" time="0.080" /><testcase classname="tests.test_iter100_tiles_anchor.TestSeamarkTiles" name="test_seamark_ok_png" time="0.799" /><testcase classname="tests.test_iter100_tiles_anchor.TestSeamarkTiles" name="test_seamark_zoom_out_of_range_422" time="0.077" /><testcase classname="tests.test_iter100_tiles_anchor.TestRoutingCorridor" name="test_route_compute_returns_corridor_per_segment" time="0.540"><error message="failed on setup with &quot;AssertionError: {&quot;detail&quot;:&quot;Choisissez un pseudo (3 caractères minimum) pour créer votre compte.&quot;}&#10;assert 422 == 200&#10; +  where 422 = &lt;Response [422]&gt;.status_code&quot;">tests/test_iter100_tiles_anchor.py:39: in token
    assert r.status_code == 200, r.text
E   AssertionError: {"detail":"Choisissez un pseudo (3 caractères minimum) pour créer votre compte."}
E   assert 422 == 200
E    +  where 422 = &lt;Response [422]&gt;.status_code</error></testcase><testcase classname="tests.test_iter101_routing_tides_tiles.TestRouting" name="test_er_lannic_avoided" time="0.114"><failure message="AssertionError: {&quot;detail&quot;:&quot;Not authenticated&quot;}&#10;assert 401 == 200&#10; +  where 401 = &lt;Response [401]&gt;.status_code">tests/test_iter101_routing_tides_tiles.py:64: in test_er_lannic_avoided
    assert r.status_code == 200, r.text
E   AssertionError: {"detail":"Not authenticated"}
E   assert 401 == 200
E    +  where 401 = &lt;Response [401]&gt;.status_code</failure></testcase><testcase classname="tests.test_iter101_routing_tides_tiles.TestRouting" name="test_arradon_to_port_maria_forward" time="0.136"><failure message="AssertionError: {&quot;detail&quot;:&quot;Not authenticated&quot;}&#10;assert 401 == 200&#10; +  where 401 = &lt;Response [401]&gt;.status_code">tests/test_iter101_routing_tides_tiles.py:82: in test_arradon_to_port_maria_forward
    assert r.status_code == 200, r.text
E   AssertionError: {"detail":"Not authenticated"}
E   assert 401 == 200
E    +  where 401 = &lt;Response [401]&gt;.status_code</failure></testcase><testcase classname="tests.test_iter101_routing_tides_tiles.TestRouting" name="test_arradon_to_port_maria_return" time="0.115"><failure message="AssertionError: {&quot;detail&quot;:&quot;Not authenticated&quot;}&#10;assert 401 == 200&#10; +  where 401 = &lt;Response [401]&gt;.status_code">tests/test_iter101_routing_tides_tiles.py:95: in test_arradon_to_port_maria_return
    assert r.status_code == 200, r.text
E   AssertionError: {"detail":"Not authenticated"}
E   assert 401 == 200
E    +  where 401 = &lt;Response [401]&gt;.status_code</failure></testcase><testcase classname="tests.test_iter101_routing_tides_tiles.TestRouting" name="test_arradon_to_houat" time="0.127"><failure message="AssertionError: {&quot;detail&quot;:&quot;Not authenticated&quot;}&#10;assert 401 == 200&#10; +  where 401 = &lt;Response [401]&gt;.status_code">tests/test_iter101_routing_tides_tiles.py:108: in test_arradon_to_houat
    assert r.status_code == 200, r.text
E   AssertionError: {"detail":"Not authenticated"}
E   assert 401 == 200
E    +  where 401 = &lt;Response [401]&gt;.status_code</failure></testcase><testcase classname="tests.test_iter101_routing_tides_tiles.TestTides" name="test_ports_are_different_locations" time="3.590" /><testcase classname="tests.test_iter101_routing_tides_tiles.TestTides" name="test_source_says_calibre" time="0.000" /><testcase classname="tests.test_iter101_routing_tides_tiles.TestTides" name="test_arradon_delay_vs_portnavalo" time="0.000" /><testcase classname="tests.test_iter101_routing_tides_tiles.TestTides" name="test_ports_do_not_return_same_values" time="0.000" /><testcase classname="tests.test_iter101_routing_tides_tiles.TestTiles" name="test_shom_morbihan_tile" time="0.176" /><testcase classname="tests.test_iter101_routing_tides_tiles.TestTiles" name="test_seamark_tile" time="0.123" /><testcase classname="tests.test_iter102_trap_pocket_armateur_bug.TestArmateurBugTester" name="test_start_on_land_locmariaquer_falls_back_to_nearest_water" time="0.725"><failure message="assert (47.57, -2.94) != (47.57, -2.94)">tests/test_iter102_trap_pocket_armateur_bug.py:85: in test_start_on_land_locmariaquer_falls_back_to_nearest_water
    assert (w0["lat"], w0["lng"]) != (LOCMARIAQUER_TERRE["lat"], LOCMARIAQUER_TERRE["lng"])
E   assert (47.57, -2.94) != (47.57, -2.94)</failure></testcase><testcase classname="tests.test_iter102_trap_pocket_armateur_bug.TestArmateurBugTester" name="test_start_on_land_with_use_tide_true" time="0.778" /><testcase classname="tests.test_iter102_trap_pocket_armateur_bug.TestArmateurBugTester" name="test_start_out_of_coverage_ploermel_falls_back_to_arradon" time="0.190"><failure message="AssertionError: {&quot;detail&quot;:{&quot;code&quot;:&quot;start_blocked&quot;,&quot;message&quot;:&quot;Départ dans une zone non navigable pour ce tirant d'eau (ou trop près du bord). Réglages en cause : tirant d'eau 1.5 m + marge de fond 0.5 m (la marge latérale a déjà été réduite au minimum) — ajustez-les dans Réglages → Mon bateau, ou intégrez la marée au départ.&quot;,&quot;blocked_at&quot;:{&quot;lat&quot;:47.86,&quot;lng&quot;:-2.32}}}&#10;assert 422 == 200&#10; +  where 422 = &lt;Response [422]&gt;.status_code">tests/test_iter102_trap_pocket_armateur_bug.py:111: in test_start_out_of_coverage_ploermel_falls_back_to_arradon
    assert r.status_code == 200, r.text
E   AssertionError: {"detail":{"code":"start_blocked","message":"Départ dans une zone non navigable pour ce tirant d'eau (ou trop près du bord). Réglages en cause : tirant d'eau 1.5 m + marge de fond 0.5 m (la marge latérale a déjà été réduite au minimum) — ajustez-les dans Réglages → Mon bateau, ou intégrez la marée au départ.","blocked_at":{"lat":47.86,"lng":-2.32}}}
E   assert 422 == 200
E    +  where 422 = &lt;Response [422]&gt;.status_code</failure></testcase><testcase classname="tests.test_iter102_trap_pocket_armateur_bug.TestNormalAccountNoFallback" name="test_start_on_land_returns_422_start_blocked" time="0.119"><failure message="AssertionError: {&quot;detail&quot;:&quot;Invalid or expired token&quot;}&#10;assert 401 == 200&#10; +  where 401 = &lt;Response [401]&gt;.status_code">tests/test_iter102_trap_pocket_armateur_bug.py:135: in test_start_on_land_returns_422_start_blocked
    assert r.status_code == 200, r.text
E   AssertionError: {"detail":"Invalid or expired token"}
E   assert 401 == 200
E    +  where 401 = &lt;Response [401]&gt;.status_code</failure></testcase><testcase classname="tests.test_iter102_trap_pocket_armateur_bug.TestNormalAccountNoFallback" name="test_start_at_sea_returns_normal_route" time="0.165"><failure message="AssertionError: {&quot;detail&quot;:&quot;Invalid or expired token&quot;}&#10;assert 401 == 200&#10; +  where 401 = &lt;Response [401]&gt;.status_code">tests/test_iter102_trap_pocket_armateur_bug.py:155: in test_start_at_sea_returns_normal_route
    assert r.status_code == 200, r.text
E   AssertionError: {"detail":"Invalid or expired token"}
E   assert 401 == 200
E    +  where 401 = &lt;Response [401]&gt;.status_code</failure></testcase><testcase classname="tests.test_iter102_trap_pocket_armateur_bug.TestRealBlockageNoRegression" name="test_real_blockage_returns_422_not_500" time="0.119"><failure message="AssertionError: {&quot;detail&quot;:&quot;Invalid or expired token&quot;}&#10;assert 401 in (200, 422)&#10; +  where 401 = &lt;Response [401]&gt;.status_code">tests/test_iter102_trap_pocket_armateur_bug.py:173: in test_real_blockage_returns_422_not_500
    assert r.status_code in (200, 422), r.text
E   AssertionError: {"detail":"Invalid or expired token"}
E   assert 401 in (200, 422)
E    +  where 401 = &lt;Response [401]&gt;.status_code</failure></testcase><testcase classname="tests.test_iter103_bug_video_armateur_e2e.TestMatriceGolfeArmateur" name="test_arradon_matrix_avec_maree[vannes_chenal-end0]" time="0.423" /><testcase classname="tests.test_iter103_bug_video_armateur_e2e.TestMatriceGolfeArmateur" name="test_arradon_matrix_avec_maree[port_navalo-end1]" time="0.844" /><testcase classname="tests.test_iter103_bug_video_armateur_e2e.TestMatriceGolfeArmateur" name="test_arradon_matrix_avec_maree[crouesty-end2]" time="1.577" /><testcase classname="tests.test_iter103_bug_video_armateur_e2e.TestMatriceGolfeArmateur" name="test_arradon_matrix_avec_maree[penerf-end3]" time="1.244" /><testcase classname="tests.test_iter103_bug_video_armateur_e2e.TestMatriceGolfeArmateur" name="test_arradon_matrix_avec_maree[plage_damgan-end4]" time="1.997" /><testcase classname="tests.test_iter103_bug_video_armateur_e2e.TestMatriceGolfeArmateur" name="test_arradon_matrix_avec_maree[auray-end5]" time="2.423" /><testcase classname="tests.test_iter103_bug_video_armateur_e2e.TestMatriceGolfeArmateur" name="test_arradon_matrix_sans_maree[vannes_chenal-end0]" time="0.365" /><testcase classname="tests.test_iter103_bug_video_armateur_e2e.TestMatriceGolfeArmateur" name="test_arradon_matrix_sans_maree[port_navalo-end1]" time="0.850" /><testcase classname="tests.test_iter103_bug_video_armateur_e2e.TestMatriceGolfeArmateur" name="test_arradon_matrix_sans_maree[crouesty-end2]" time="1.577" /><testcase classname="tests.test_iter103_bug_video_armateur_e2e.TestMatriceGolfeArmateur" name="test_arradon_matrix_sans_maree[penerf-end3]" time="1.237" /><testcase classname="tests.test_iter103_bug_video_armateur_e2e.TestMatriceGolfeArmateur" name="test_arradon_matrix_sans_maree[plage_damgan-end4]" time="1.989" /><testcase classname="tests.test_iter103_bug_video_armateur_e2e.TestMatriceGolfeArmateur" name="test_arradon_matrix_sans_maree[auray-end5]" time="2.396" /><testcase classname="tests.test_iter103_bug_video_armateur_e2e.TestBugVideoExact" name="test_home_terre_vers_cote[plage_damgan-end0]" time="0.260"><failure message="AssertionError: plage_damgan: 422 {&quot;detail&quot;:{&quot;code&quot;:&quot;start_blocked&quot;,&quot;message&quot;:&quot;Départ dans une zone non navigable pour ce tirant d'eau (ou trop près du bord). Réglages en cause : tirant d'eau 1.5 m + marge de fond 0.5 m (la marge latérale a déjà été réduite au minimum) — ajustez-les dans Réglages → Mon bateau, ou intégrez la marée a&#10;assert 422 == 200&#10; +  where 422 = &lt;Response [422]&gt;.status_code">tests/test_iter103_bug_video_armateur_e2e.py:144: in test_home_terre_vers_cote
    assert r.status_code == 200, f"{name}: {r.status_code} {r.text[:300]}"
E   AssertionError: plage_damgan: 422 {"detail":{"code":"start_blocked","message":"Départ dans une zone non navigable pour ce tirant d'eau (ou trop près du bord). Réglages en cause : tirant d'eau 1.5 m + marge de fond 0.5 m (la marge latérale a déjà été réduite au minimum) — ajustez-les dans Réglages → Mon bateau, ou intégrez la marée a
E   assert 422 == 200
E    +  where 422 = &lt;Response [422]&gt;.status_code</failure></testcase><testcase classname="tests.test_iter103_bug_video_armateur_e2e.TestBugVideoExact" name="test_home_terre_vers_cote[penvins-end1]" time="0.276"><failure message="AssertionError: penvins: 422 {&quot;detail&quot;:{&quot;code&quot;:&quot;start_blocked&quot;,&quot;message&quot;:&quot;Départ dans une zone non navigable pour ce tirant d'eau (ou trop près du bord). Réglages en cause : tirant d'eau 1.5 m + marge de fond 0.5 m (la marge latérale a déjà été réduite au minimum) — ajustez-les dans Réglages → Mon bateau, ou intégrez la marée a&#10;assert 422 == 200&#10; +  where 422 = &lt;Response [422]&gt;.status_code">tests/test_iter103_bug_video_armateur_e2e.py:144: in test_home_terre_vers_cote
    assert r.status_code == 200, f"{name}: {r.status_code} {r.text[:300]}"
E   AssertionError: penvins: 422 {"detail":{"code":"start_blocked","message":"Départ dans une zone non navigable pour ce tirant d'eau (ou trop près du bord). Réglages en cause : tirant d'eau 1.5 m + marge de fond 0.5 m (la marge latérale a déjà été réduite au minimum) — ajustez-les dans Réglages → Mon bateau, ou intégrez la marée a
E   assert 422 == 200
E    +  where 422 = &lt;Response [422]&gt;.status_code</failure></testcase><testcase classname="tests.test_iter103_bug_video_armateur_e2e.TestBugVideoExact" name="test_home_terre_vers_cote[billiers-end2]" time="0.258"><failure message="AssertionError: billiers: 422 {&quot;detail&quot;:{&quot;code&quot;:&quot;start_blocked&quot;,&quot;message&quot;:&quot;Départ dans une zone non navigable pour ce tirant d'eau (ou trop près du bord). Réglages en cause : tirant d'eau 1.5 m + marge de fond 0.5 m (la marge latérale a déjà été réduite au minimum) — ajustez-les dans Réglages → Mon bateau, ou intégrez la marée a&#10;assert 422 == 200&#10; +  where 422 = &lt;Response [422]&gt;.status_code">tests/test_iter103_bug_video_armateur_e2e.py:144: in test_home_terre_vers_cote
    assert r.status_code == 200, f"{name}: {r.status_code} {r.text[:300]}"
E   AssertionError: billiers: 422 {"detail":{"code":"start_blocked","message":"Départ dans une zone non navigable pour ce tirant d'eau (ou trop près du bord). Réglages en cause : tirant d'eau 1.5 m + marge de fond 0.5 m (la marge latérale a déjà été réduite au minimum) — ajustez-les dans Réglages → Mon bateau, ou intégrez la marée a
E   assert 422 == 200
E    +  where 422 = &lt;Response [422]&gt;.status_code</failure></testcase><testcase classname="tests.test_iter103_bug_video_armateur_e2e.TestEndSnappedField" name="test_end_snapped_plage_damgan_maree_haute" time="1.995" /><testcase classname="tests.test_iter103_bug_video_armateur_e2e.TestEndSnappedField" name="test_end_snapped_crouesty_poche_isolee" time="1.580" /><testcase classname="tests.test_iter103_bug_video_armateur_e2e.TestNonRegressionCompteNormal" name="test_normal_depart_terre_start_blocked" time="0.057"><failure message="AssertionError: expected 422, got 401: {&quot;detail&quot;:&quot;Invalid or expired token&quot;}&#10;assert 401 == 422&#10; +  where 401 = &lt;Response [401]&gt;.status_code">tests/test_iter103_bug_video_armateur_e2e.py:197: in test_normal_depart_terre_start_blocked
    assert r.status_code == 422, f"expected 422, got {r.status_code}: {r.text[:250]}"
E   AssertionError: expected 422, got 401: {"detail":"Invalid or expired token"}
E   assert 401 == 422
E    +  where 401 = &lt;Response [401]&gt;.status_code</failure></testcase><testcase classname="tests.test_iter103_bug_video_armateur_e2e.TestNonRegressionCompteNormal" name="test_normal_arradon_ile_aux_moines_ok" time="0.057"><failure message="AssertionError: 401: {&quot;detail&quot;:&quot;Invalid or expired token&quot;}&#10;assert 401 == 200&#10; +  where 401 = &lt;Response [401]&gt;.status_code">tests/test_iter103_bug_video_armateur_e2e.py:214: in test_normal_arradon_ile_aux_moines_ok
    assert r.status_code == 200, f"{r.status_code}: {r.text[:250]}"
E   AssertionError: 401: {"detail":"Invalid or expired token"}
E   assert 401 == 200
E    +  where 401 = &lt;Response [401]&gt;.status_code</failure></testcase><testcase classname="tests.test_iter103_bug_video_armateur_e2e.TestLoggingOnFailure" name="test_log_contains_route_failed_after_error" time="0.057"><failure message="assert 401 == 422&#10; +  where 401 = &lt;Response [401]&gt;.status_code">tests/test_iter103_bug_video_armateur_e2e.py:229: in test_log_contains_route_failed_after_error
    assert r.status_code == 422
E   assert 401 == 422
E    +  where 401 = &lt;Response [401]&gt;.status_code</failure></testcase><testcase classname="tests.test_iter103_route_partout.TestFenetreElargie" name="test_arradon_penerf_detour_port_navalo" time="1.248" /><testcase classname="tests.test_iter103_route_partout.TestFenetreElargie" name="test_arradon_dumet" time="1.194" /><testcase classname="tests.test_iter103_route_partout.TestFenetreElargie" name="test_non_regression_routes_directes" time="0.790" /><testcase classname="tests.test_iter103_route_partout.TestArriveeDeplacee" name="test_plage_damgan_maree_haute" time="1.108" /><testcase classname="tests.test_iter103_route_partout.TestArriveeDeplacee" name="test_crouesty_poche_mnt" time="0.851" /><testcase classname="tests.test_iter103_route_partout.TestArriveeDeplacee" name="test_refus_honnete_si_trop_loin" time="0.153" /><testcase classname="tests.test_iter103_route_partout.TestChenauxBalises" name="test_chenal_de_vannes[0.0]" time="0.191" /><testcase classname="tests.test_iter103_route_partout.TestChenauxBalises" name="test_chenal_de_vannes[2.5]" time="0.799" /><testcase classname="tests.test_iter103_route_partout.TestChenauxBalises" name="test_auray_maree_basse" time="1.491" /><testcase classname="tests.test_iter103_route_partout.TestE2EArmateur" name="test_home_vers_cote_locale[plage Damgan-end0]" time="0.458"><failure message="AssertionError: plage Damgan: {&quot;detail&quot;:{&quot;code&quot;:&quot;start_blocked&quot;,&quot;message&quot;:&quot;Départ dans une zone non navigable pour ce tirant d'eau (ou trop près du bord). Réglages en cause : tirant d'eau 1.5 m + marge de fond 0.5 m (la marge latérale a déjà été réduite au minimum) — ajustez-les dans Réglages → Mon bateau, ou intégrez la marée a&#10;assert 422 == 200&#10; +  where 422 = &lt;Response [422]&gt;.status_code">tests/test_iter103_route_partout.py:136: in test_home_vers_cote_locale
    assert r.status_code == 200, f"{name}: {r.text[:300]}"
E   AssertionError: plage Damgan: {"detail":{"code":"start_blocked","message":"Départ dans une zone non navigable pour ce tirant d'eau (ou trop près du bord). Réglages en cause : tirant d'eau 1.5 m + marge de fond 0.5 m (la marge latérale a déjà été réduite au minimum) — ajustez-les dans Réglages → Mon bateau, ou intégrez la marée a
E   assert 422 == 200
E    +  where 422 = &lt;Response [422]&gt;.status_code</failure></testcase><testcase classname="tests.test_iter103_route_partout.TestE2EArmateur" name="test_home_vers_cote_locale[Penvins-end1]" time="0.326"><failure message="AssertionError: Penvins: {&quot;detail&quot;:{&quot;code&quot;:&quot;start_blocked&quot;,&quot;message&quot;:&quot;Départ dans une zone non navigable pour ce tirant d'eau (ou trop près du bord). Réglages en cause : tirant d'eau 1.5 m + marge de fond 0.5 m (la marge latérale a déjà été réduite au minimum) — ajustez-les dans Réglages → Mon bateau, ou intégrez la marée a&#10;assert 422 == 200&#10; +  where 422 = &lt;Response [422]&gt;.status_code">tests/test_iter103_route_partout.py:136: in test_home_vers_cote_locale
    assert r.status_code == 200, f"{name}: {r.text[:300]}"
E   AssertionError: Penvins: {"detail":{"code":"start_blocked","message":"Départ dans une zone non navigable pour ce tirant d'eau (ou trop près du bord). Réglages en cause : tirant d'eau 1.5 m + marge de fond 0.5 m (la marge latérale a déjà été réduite au minimum) — ajustez-les dans Réglages → Mon bateau, ou intégrez la marée a
E   assert 422 == 200
E    +  where 422 = &lt;Response [422]&gt;.status_code</failure></testcase><testcase classname="tests.test_iter103_route_partout.TestE2EArmateur" name="test_home_vers_cote_locale[riviere Penerf-end2]" time="0.156"><failure message="AssertionError: riviere Penerf: {&quot;detail&quot;:{&quot;code&quot;:&quot;start_blocked&quot;,&quot;message&quot;:&quot;Départ dans une zone non navigable pour ce tirant d'eau (ou trop près du bord). Réglages en cause : tirant d'eau 1.5 m + marge de fond 0.5 m (la marge latérale a déjà été réduite au minimum) — ajustez-les dans Réglages → Mon bateau, ou intégrez la marée a&#10;assert 422 == 200&#10; +  where 422 = &lt;Response [422]&gt;.status_code">tests/test_iter103_route_partout.py:136: in test_home_vers_cote_locale
    assert r.status_code == 200, f"{name}: {r.text[:300]}"
E   AssertionError: riviere Penerf: {"detail":{"code":"start_blocked","message":"Départ dans une zone non navigable pour ce tirant d'eau (ou trop près du bord). Réglages en cause : tirant d'eau 1.5 m + marge de fond 0.5 m (la marge latérale a déjà été réduite au minimum) — ajustez-les dans Réglages → Mon bateau, ou intégrez la marée a
E   assert 422 == 200
E    +  where 422 = &lt;Response [422]&gt;.status_code</failure></testcase><testcase classname="tests.test_iter103_route_partout.TestE2EArmateur" name="test_home_vers_cote_locale[Billiers/Vilaine-end3]" time="0.337"><failure message="AssertionError: Billiers/Vilaine: {&quot;detail&quot;:{&quot;code&quot;:&quot;start_blocked&quot;,&quot;message&quot;:&quot;Départ dans une zone non navigable pour ce tirant d'eau (ou trop près du bord). Réglages en cause : tirant d'eau 1.5 m + marge de fond 0.5 m (la marge latérale a déjà été réduite au minimum) — ajustez-les dans Réglages → Mon bateau, ou intégrez la marée a&#10;assert 422 == 200&#10; +  where 422 = &lt;Response [422]&gt;.status_code">tests/test_iter103_route_partout.py:136: in test_home_vers_cote_locale
    assert r.status_code == 200, f"{name}: {r.text[:300]}"
E   AssertionError: Billiers/Vilaine: {"detail":{"code":"start_blocked","message":"Départ dans une zone non navigable pour ce tirant d'eau (ou trop près du bord). Réglages en cause : tirant d'eau 1.5 m + marge de fond 0.5 m (la marge latérale a déjà été réduite au minimum) — ajustez-les dans Réglages → Mon bateau, ou intégrez la marée a
E   assert 422 == 200
E    +  where 422 = &lt;Response [422]&gt;.status_code</failure></testcase><testcase classname="tests.test_iter103_route_partout.TestE2EArmateur" name="test_home_vers_cote_locale[Kervoyal-end4]" time="0.302"><failure message="AssertionError: Kervoyal: {&quot;detail&quot;:{&quot;code&quot;:&quot;start_blocked&quot;,&quot;message&quot;:&quot;Départ dans une zone non navigable pour ce tirant d'eau (ou trop près du bord). Réglages en cause : tirant d'eau 1.5 m + marge de fond 0.5 m (la marge latérale a déjà été réduite au minimum) — ajustez-les dans Réglages → Mon bateau, ou intégrez la marée a&#10;assert 422 == 200&#10; +  where 422 = &lt;Response [422]&gt;.status_code">tests/test_iter103_route_partout.py:136: in test_home_vers_cote_locale
    assert r.status_code == 200, f"{name}: {r.text[:300]}"
E   AssertionError: Kervoyal: {"detail":{"code":"start_blocked","message":"Départ dans une zone non navigable pour ce tirant d'eau (ou trop près du bord). Réglages en cause : tirant d'eau 1.5 m + marge de fond 0.5 m (la marge latérale a déjà été réduite au minimum) — ajustez-les dans Réglages → Mon bateau, ou intégrez la marée a
E   assert 422 == 200
E    +  where 422 = &lt;Response [422]&gt;.status_code</failure></testcase><testcase classname="tests.test_iter104_lateral_relax.TestCoeurMoteur" name="test_260m_ferme_le_golfe" time="0.076" /><testcase classname="tests.test_iter104_lateral_relax.TestCoeurMoteur" name="test_10m_ouvre_le_golfe" time="0.794" /><testcase classname="tests.test_iter104_lateral_relax.TestRelaxationEndpoint" name="test_marge_260_relaxee_avec_warning" time="0.305"><failure message="AssertionError: {&quot;detail&quot;:{&quot;code&quot;:&quot;start_blocked&quot;,&quot;message&quot;:&quot;Départ dans une zone non navigable pour ce tirant d'eau (ou trop près du bord). Réglages en cause : tirant d'eau 1.5 m + marge de fond 0.5 m (la marge latérale a déjà été réduite au minimum) — ajustez-les dans Réglages → Mon bateau, ou intégrez la marée au départ.&quot;,&quot;blocked_at&quot;:{&quot;lat&quot;:47.8632,&quot;lng&quot;:-2.3181}}}&#10;assert 422 == 200&#10; +  where 422 = &lt;Response [422]&gt;.status_code">tests/test_iter104_lateral_relax.py:83: in test_marge_260_relaxee_avec_warning
    assert r.status_code == 200, r.text
E   AssertionError: {"detail":{"code":"start_blocked","message":"Départ dans une zone non navigable pour ce tirant d'eau (ou trop près du bord). Réglages en cause : tirant d'eau 1.5 m + marge de fond 0.5 m (la marge latérale a déjà été réduite au minimum) — ajustez-les dans Réglages → Mon bateau, ou intégrez la marée au départ.","blocked_at":{"lat":47.8632,"lng":-2.3181}}}
E   assert 422 == 200
E    +  where 422 = &lt;Response [422]&gt;.status_code</failure></testcase><testcase classname="tests.test_iter104_lateral_relax.TestRelaxationEndpoint" name="test_longue_route_groix_relaxee" time="0.494"><failure message="AssertionError: {&quot;detail&quot;:{&quot;code&quot;:&quot;start_blocked&quot;,&quot;message&quot;:&quot;Départ dans une zone non navigable pour ce tirant d'eau (ou trop près du bord). Réglages en cause : tirant d'eau 1.5 m + marge de fond 0.5 m (la marge latérale a déjà été réduite au minimum) — ajustez-les dans Réglages → Mon bateau, ou intégrez la marée au départ.&quot;,&quot;blocked_at&quot;:{&quot;lat&quot;:47.8632,&quot;lng&quot;:-2.3181}}}&#10;assert 422 == 200&#10; +  where 422 = &lt;Response [422]&gt;.status_code">tests/test_iter104_lateral_relax.py:94: in test_longue_route_groix_relaxee
    assert r.status_code == 200, r.text
E   AssertionError: {"detail":{"code":"start_blocked","message":"Départ dans une zone non navigable pour ce tirant d'eau (ou trop près du bord). Réglages en cause : tirant d'eau 1.5 m + marge de fond 0.5 m (la marge latérale a déjà été réduite au minimum) — ajustez-les dans Réglages → Mon bateau, ou intégrez la marée au départ.","blocked_at":{"lat":47.8632,"lng":-2.3181}}}
E   assert 422 == 200
E    +  where 422 = &lt;Response [422]&gt;.status_code</failure></testcase><testcase classname="tests.test_iter104_lateral_relax.TestRelaxationEndpoint" name="test_pas_de_relaxation_si_inutile" time="0.203"><failure message="AssertionError: {&quot;detail&quot;:{&quot;code&quot;:&quot;start_blocked&quot;,&quot;message&quot;:&quot;Départ dans une zone non navigable pour ce tirant d'eau (ou trop près du bord). Réglages en cause : tirant d'eau 1.5 m + marge de fond 0.5 m (la marge latérale a déjà été réduite au minimum) — ajustez-les dans Réglages → Mon bateau, ou intégrez la marée au départ.&quot;,&quot;blocked_at&quot;:{&quot;lat&quot;:47.8632,&quot;lng&quot;:-2.3181}}}&#10;assert 422 == 200&#10; +  where 422 = &lt;Response [422]&gt;.status_code">tests/test_iter104_lateral_relax.py:105: in test_pas_de_relaxation_si_inutile
    assert r.status_code == 200, r.text
E   AssertionError: {"detail":{"code":"start_blocked","message":"Départ dans une zone non navigable pour ce tirant d'eau (ou trop près du bord). Réglages en cause : tirant d'eau 1.5 m + marge de fond 0.5 m (la marge latérale a déjà été réduite au minimum) — ajustez-les dans Réglages → Mon bateau, ou intégrez la marée au départ.","blocked_at":{"lat":47.8632,"lng":-2.3181}}}
E   assert 422 == 200
E    +  where 422 = &lt;Response [422]&gt;.status_code</failure></testcase><testcase classname="tests.test_iter104_lateral_relax.TestRelaxationEndpoint" name="test_hors_zone_echec_immediat" time="0.111" /><testcase classname="tests.test_iter104_moderation_and_cleanup.TestAdminModerationDelete" name="test_admin_can_delete_other_authors_report" time="0.566"><failure message="AssertionError: admin delete: 403 {&quot;detail&quot;:&quot;Seul l'auteur peut supprimer&quot;}&#10;assert 403 == 200&#10; +  where 403 = &lt;Response [403]&gt;.status_code">tests/test_iter104_moderation_and_cleanup.py:102: in test_admin_can_delete_other_authors_report
    assert r.status_code == 200, f"admin delete: {r.status_code} {r.text}"
E   AssertionError: admin delete: 403 {"detail":"Seul l'auteur peut supprimer"}
E   assert 403 == 200
E    +  where 403 = &lt;Response [403]&gt;.status_code</failure></testcase><testcase classname="tests.test_iter104_moderation_and_cleanup.TestAdminModerationDelete" name="test_non_author_standard_gets_403" time="0.619" /><testcase classname="tests.test_iter104_moderation_and_cleanup.TestDatabaseCleanliness" name="test_no_test_markers_in_reports_list" time="0.109"><failure message="AssertionError: Dirty DB: {'descriptions_TEST_or_iter': [{'id': 'ee4cdcbc818e427594c37d38efcb1a21', 'desc': 'iter104 non-author 403 target', 'lat': 47.32, 'lng': -3.12}, {'id': '2000aed7d5574aa48cec282a11448eec', 'desc': 'iter104 moderation delete target', 'lat': 47.3, 'lng': -3.1}], 'is_test_true': [], 'on_land_points': []}&#10;assert (not [{'id': 'ee4cdcbc818e427594c37d38efcb1a21', 'desc': 'iter104 non-author 403 target', 'lat': 47.32, 'lng': -3.12}, {'id': '2000aed7d5574aa48cec282a11448eec', 'desc': 'iter104 moderation delete target', 'lat': 47.3, 'lng': -3.1}])">tests/test_iter104_moderation_and_cleanup.py:201: in test_no_test_markers_in_reports_list
    assert (
E   AssertionError: Dirty DB: {'descriptions_TEST_or_iter': [{'id': 'ee4cdcbc818e427594c37d38efcb1a21', 'desc': 'iter104 non-author 403 target', 'lat': 47.32, 'lng': -3.12}, {'id': '2000aed7d5574aa48cec282a11448eec', 'desc': 'iter104 moderation delete target', 'lat': 47.3, 'lng': -3.1}], 'is_test_true': [], 'on_land_points': []}
E   assert (not [{'id': 'ee4cdcbc818e427594c37d38efcb1a21', 'desc': 'iter104 non-author 403 target', 'lat': 47.32, 'lng': -3.12}, {'id': '2000aed7d5574aa48cec282a11448eec', 'desc': 'iter104 moderation delete target', 'lat': 47.3, 'lng': -3.1}])</failure></testcase><testcase classname="tests.test_iter105_margin_auto.TestModeAuto" name="test_auto_golfe_ok_sans_relaxation" time="0.914" /><testcase classname="tests.test_iter105_margin_auto.TestModeAuto" name="test_auto_null_explicite_equivalent" time="0.972" /><testcase classname="tests.test_iter105_margin_auto.TestModeManuel" name="test_manuel_50m_golfe_ok" time="0.802" /><testcase classname="tests.test_iter105_margin_auto.TestModeManuel" name="test_manuel_260m_relaxe_depuis_valeur_configuree" time="0.891" /><testcase classname="tests.test_iter105_margin_auto.TestEchecAvecConseil" name="test_message_indique_reglage_et_ou_corriger" time="0.528" /><testcase classname="tests.test_iter108_route_determinism.TestRouteDeterminism" name="test_route_deterministic_same_window" time="2.640" /><testcase classname="tests.test_iter108_route_determinism.TestRouteNoTide" name="test_route_no_tide" time="1.302" /><testcase classname="tests.test_iter108_route_determinism.TestAuthRateLimit" name="test_login_rate_limit_relaxed" time="0.641" /><testcase classname="tests.test_iter108_route_determinism.TestSeamarkTiles" name="test_seamark_tile_ok" time="0.928" /><testcase classname="tests.test_iter108_route_determinism.TestDeletedReports" name="test_report_not_found[40014394bacf4080ae5f511c83f4b764]" time="0.112" /><testcase classname="tests.test_iter108_route_determinism.TestDeletedReports" name="test_report_not_found[1ff784b3ed104c82953c674efafafd82]" time="0.137" /><testcase classname="tests.test_iter108_route_determinism.TestDeletedReports" name="test_report_not_found[eca354980ab0407ca2c0cb1c9e131e1e]" time="0.108" /><testcase classname="tests.test_iter110_bathy_meteo_compromised.TestBathyDepth" name="test_depth_at_water_point" time="1.286" /><testcase classname="tests.test_iter110_bathy_meteo_compromised.TestBathyDepth" name="test_depth_on_land" time="0.112" /><testcase classname="tests.test_iter110_bathy_meteo_compromised.TestBathyDepth" name="test_depth_out_of_coverage" time="0.139" /><testcase classname="tests.test_iter110_bathy_meteo_compromised.TestComputeFallback" name="test_no_route_returns_fallback" time="0.779" /><testcase classname="tests.test_iter110_bathy_meteo_compromised.TestManualCompromised" name="test_manual_across_island" time="0.147" /><testcase classname="tests.test_iter110_bathy_meteo_compromised.TestNewReportTypes" name="test_meteo_orage_proche_no_drift" time="0.203" /><testcase classname="tests.test_iter110_bathy_meteo_compromised.TestNewReportTypes" name="test_embarcation_derive_has_drift" time="1.260" /><testcase classname="tests.test_iter111_low_margin_rule.TestLowMarginRule" name="test_low_margin_present_when_tight" time="2.764" /><testcase classname="tests.test_iter111_low_margin_rule.TestLowMarginRule" name="test_safety_extra_removes_low_margin_or_422" time="0.822" /><testcase classname="tests.test_iter111_low_margin_rule.TestLowMarginRule" name="test_comfortable_route_no_low_margin" time="0.192" /><testcase classname="tests.test_iter111_low_margin_rule.TestRegression" name="test_compute_nominal_no_low_margin" time="0.746" /><testcase classname="tests.test_iter111_low_margin_rule.TestRegression" name="test_routes_manual" time="0.120" /><testcase classname="tests.test_iter111_low_margin_rule.TestRegression" name="test_saved_routes_crud" time="0.318" /><testcase classname="tests.test_iter111_low_margin_rule.TestRegression" name="test_bathy_depth" time="0.080" /><testcase classname="tests.test_iter111_low_margin_rule.TestRegression" name="test_fallback_422_dest_far_inland" time="0.229" /><testcase classname="tests.test_iter112_moorings_and_low_margin.TestMooringsSeamarks" name="test_seamarks_includes_moorings" time="0.499" /><testcase classname="tests.test_iter112_moorings_and_low_margin.TestMooringAvoidance" name="test_route_avoids_moorings_cluster" time="0.648" /><testcase classname="tests.test_iter112_moorings_and_low_margin.TestMooringAvoidance" name="test_route_into_mooring_field_allowed" time="0.657" /><testcase classname="tests.test_iter112_moorings_and_low_margin.TestManualRouteLowMargin" name="test_manual_low_margin_shallow" time="0.071" /><testcase classname="tests.test_iter112_moorings_and_low_margin.TestManualRouteLowMargin" name="test_manual_no_low_margin_deep" time="0.074" /><testcase classname="tests.test_iter115_vilaine_instant_tide" name="test_vilaine_route_reaches_near_barrage_at_high_tide" time="3.262" /><testcase classname="tests.test_iter115_vilaine_instant_tide" name="test_tide_warning_always_present_with_tide" time="0.727" /><testcase classname="tests.test_iter116_tide_forecast" name="test_case_a_tide_window_present_at_high_tide" time="5.165"><failure message="AssertionError: tide_window absent — keys=['waypoints', 'distance_m', 'min_depth_m', 'threshold_m', 'depth_profile', 'warnings', 'disclaimer', 'mode', 'tide_m', 'corridor_m', 'end_snapped', 'compromised_legs', 'risk', 'shallow_route', 'lateral_margin_used_m', 'compute_s', 'route_id', 'engine']&#10;assert None is not None">tests/test_iter116_tide_forecast.py:112: in test_case_a_tide_window_present_at_high_tide
    assert tw is not None, f"tide_window absent — keys={list(j.keys())}"
E   AssertionError: tide_window absent — keys=['waypoints', 'distance_m', 'min_depth_m', 'threshold_m', 'depth_profile', 'warnings', 'disclaimer', 'mode', 'tide_m', 'corridor_m', 'end_snapped', 'compromised_legs', 'risk', 'shallow_route', 'lateral_margin_used_m', 'compute_s', 'route_id', 'engine']
E   assert None is not None</failure></testcase><testcase classname="tests.test_iter116_tide_forecast" name="test_case_c_tide_retry_on_422_low_tide" time="3.579"><skipped type="pytest.skip" message="route passe à marée basse (h=0.24m) — 200 au lieu de 422">/app/backend/tests/test_iter116_tide_forecast.py:129: route passe à marée basse (h=0.24m) — 200 au lieu de 422</skipped></testcase><testcase classname="tests.test_iter116_tide_forecast" name="test_case_b_tide_better_optional_mid_tide" time="3.582"><skipped type="pytest.skip" message="arrivée pas assez déplacée (offset=427m ≤ 800m) — cas b non applicable">/app/backend/tests/test_iter116_tide_forecast.py:165: arrivée pas assez déplacée (offset=427m ≤ 800m) — cas b non applicable</skipped></testcase><testcase classname="tests.test_iter117_farms_tide30_arrival" name="test_farms_data_ingested" time="0.004" /><testcase classname="tests.test_iter117_farms_tide30_arrival" name="test_route_never_crosses_marine_farms" time="2.315" /><testcase classname="tests.test_iter117_farms_tide30_arrival" name="test_tide_taken_30min_after_compute" time="0.000" /><testcase classname="tests.test_iter117_farms_tide30_arrival" name="test_standoff_kept_near_displaced_arrival" time="0.001" /><testcase classname="tests.test_iter117_farms_tide30_arrival" name="test_displaced_arrival_not_on_mudflat" time="0.000" /><testcase classname="tests.test_iter119_e2e.TestIter119Routing" name="test_p0_deep_water_route_uses_zh_and_low_tide_warning" time="0.820" /><testcase classname="tests.test_iter119_e2e.TestIter119Routing" name="test_p0_vannes_route_avoids_beacons_15m" time="1.935" /><testcase classname="tests.test_iter119_e2e.TestIter119Routing" name="test_p0_vannes_route_avoids_marine_farms" time="1.792" /><testcase classname="tests.test_iter119_e2e.TestIter119Routing" name="test_p1_no_tide_flag_works" time="0.823" /><testcase classname="tests.test_iter119_e2e.TestIter119Routing" name="test_p1_manual_route" time="0.181" /><testcase classname="tests.test_iter119_e2e.TestIter119Routing" name="test_p1_bathy_depth_water_and_land" time="1.390" /><testcase classname="tests.test_iter119_e2e.TestIter119SavedRoutes" name="test_p2_saved_routes_crud" time="0.388" /><testcase classname="tests.test_iter119_e2e.TestIter119NonRegression" name="test_bathy_coverage" time="0.148" /><testcase classname="tests.test_iter119_e2e.TestIter119NonRegression" name="test_bathy_seamarks" time="0.114" /><testcase classname="tests.test_iter120_p0.TestTidesCurve" name="test_curve_valid" time="1.168" /><testcase classname="tests.test_iter120_p0.TestTidesCurve" name="test_curve_lat_out_of_range" time="0.125" /><testcase classname="tests.test_iter120_p0.TestTidesCurve" name="test_curve_lng_out_of_range" time="0.165" /><testcase classname="tests.test_iter120_p0.TestTidesCurve" name="test_curve_missing_param" time="0.131" /><testcase classname="tests.test_iter120_p0.TestRoutesComputeRegression" name="test_deep_water_golfe_tide_zero_and_marée_basse_warning" time="0.791"><failure message="AssertionError: missing 'MARÉE BASSE' warning, got: [&quot;Destination non navigable à cette hauteur d'eau (estran / zone découvrante) — arrivée déplacée vers l'eau navigable la plus proche, à ~329 m du point demandé.&quot;]&#10;assert 'MARÉE BASSE' in &quot;Destination non navigable à cette hauteur d'eau (estran / zone découvrante) — arrivée déplacée vers l'eau navigable la plus proche, à ~329 m du point demandé.&quot;">tests/test_iter120_p0.py:74: in test_deep_water_golfe_tide_zero_and_marée_basse_warning
    assert "MARÉE BASSE" in joined, f"missing 'MARÉE BASSE' warning, got: {warnings}"
E   AssertionError: missing 'MARÉE BASSE' warning, got: ["Destination non navigable à cette hauteur d'eau (estran / zone découvrante) — arrivée déplacée vers l'eau navigable la plus proche, à ~329 m du point demandé."]
E   assert 'MARÉE BASSE' in "Destination non navigable à cette hauteur d'eau (estran / zone découvrante) — arrivée déplacée vers l'eau navigable la plus proche, à ~329 m du point demandé."</failure></testcase><testcase classname="tests.test_iter123_route_after_seamarks_300.TestRouteAfterSeamarks300" name="test_route_arradon_to_golfe_sud" time="0.160"><failure message="AssertionError: HTTP 401 — {&quot;detail&quot;:&quot;Not authenticated&quot;}&#10;assert 401 == 200&#10; +  where 401 = &lt;Response [401]&gt;.status_code">tests/test_iter123_route_after_seamarks_300.py:50: in test_route_arradon_to_golfe_sud
    assert r.status_code == 200, f"HTTP {r.status_code} — {r.text[:400]}"
E   AssertionError: HTTP 401 — {"detail":"Not authenticated"}
E   assert 401 == 200
E    +  where 401 = &lt;Response [401]&gt;.status_code</failure></testcase><testcase classname="tests.test_iter123_route_after_seamarks_300.TestRouteAfterSeamarks300" name="test_route_deep_water_fast" time="0.070"><failure message="AssertionError: HTTP 401 — {&quot;detail&quot;:&quot;Not authenticated&quot;}&#10;assert 401 == 200&#10; +  where 401 = &lt;Response [401]&gt;.status_code">tests/test_iter123_route_after_seamarks_300.py:76: in test_route_deep_water_fast
    assert r.status_code == 200, f"HTTP {r.status_code} — {r.text[:400]}"
E   AssertionError: HTTP 401 — {"detail":"Not authenticated"}
E   assert 401 == 200
E    +  where 401 = &lt;Response [401]&gt;.status_code</failure></testcase><testcase classname="tests.test_iter124_routing_shallow_navionics" name="test_shallow_route_arradon_to_arzal" time="2.396" /><testcase classname="tests.test_iter124_routing_shallow_navionics" name="test_deep_water_route_no_shallow" time="0.727" /><testcase classname="tests.test_iter124_routing_shallow_navionics" name="test_bathy_depth_prudent_min3x3" time="1.278" /><testcase classname="tests.test_iter126_engine_b_standoff" name="test_v2_registered_and_v1_untouched" time="0.000" /><testcase classname="tests.test_iter126_engine_b_standoff" name="test_engine_b_ecarte_la_balise_fernais_25[10.0]" time="3.462" /><testcase classname="tests.test_iter126_engine_b_standoff" name="test_engine_b_ecarte_la_balise_fernais_25[50.0]" time="3.047" /><testcase classname="tests.test_iter126_engine_b_standoff" name="test_zone_pilote_identique_a_et_b" time="0.745" /><testcase classname="tests.test_iter126_engine_b_standoff" name="test_params_desactivation_du_correctif" time="3.419" /><testcase classname="tests.test_iter126_engine_b_standoff" name="test_moteur_a_reproduit_la_fragilite" time="2.724" /><testcase classname="tests.test_iter126_engine_b_standoff" name="test_moteur_b_sectionne_et_trouve_la_route" time="4.562" /><testcase classname="tests.test_iter126_engines_api" name="test_list_engines_a_b_admin" time="0.331" /><testcase classname="tests.test_iter126_engines_api" name="test_compute_engine_meta" time="2.196" /><testcase classname="tests.test_iter126_engines_api" name="test_engine_b_zero_balise_warning" time="0.000" /><testcase classname="tests.test_iter126_engines_api" name="test_engine_b_no_degradation" time="0.000" /><testcase classname="tests.test_iter126_engines_api" name="test_saved_recompute_a_and_b_no_error" time="2.243" /><testcase classname="tests.test_iter126_engines_api" name="test_pilote_zone_a_equals_b" time="1.517" /><testcase classname="tests.test_iter126_engines_api" name="test_duplicate_rename_delete_engine" time="0.175" /><testcase classname="tests.test_iter127_routes_async" name="test_compute_async_fast_response_and_done" time="12.569"><failure message="AssertionError: 2e lecture doit être 404, got 200&#10;assert 200 == 404&#10; +  where 200 = &lt;Response [200]&gt;.status_code">tests/test_iter127_routes_async.py:124: in test_compute_async_fast_response_and_done
    assert r2.status_code == 404, f"2e lecture doit être 404, got {r2.status_code}"
E   AssertionError: 2e lecture doit être 404, got 200
E   assert 200 == 404
E    +  where 200 = &lt;Response [200]&gt;.status_code</failure></testcase><testcase classname="tests.test_iter127_routes_async" name="test_manual_async_on_saved_route" time="0.241" /><testcase classname="tests.test_iter127_routes_async" name="test_recompute_async_engine_b" time="1.414" /><testcase classname="tests.test_iter127_routes_async" name="test_job_not_found_returns_404" time="0.071" /><testcase classname="tests.test_iter127_routes_async" name="test_job_requires_auth" time="0.155" /><testcase classname="tests.test_iter127_routes_async" name="test_job_isolated_between_users" time="0.434" /><testcase classname="tests.test_iter127_routes_async" name="test_sync_compute_still_works" time="0.770" /><testcase classname="tests.test_iter127_routes_async" name="test_sync_manual_still_works" time="0.088" /><testcase classname="tests.test_iter127_routes_async" name="test_engine_a_falls_back_to_shallow_route_on_fragile_start" time="11.019" /><testcase classname="tests.test_iter127_routes_async" name="test_engine_b_sections_and_succeeds_on_fragile_start" time="4.632" /><testcase classname="tests.test_iter128_support_screenshot.TestSupportScreenshotUpload" name="test_admin_upload_ok_and_id_format" time="0.360" /><testcase classname="tests.test_iter128_support_screenshot.TestSupportScreenshotUpload" name="test_admin_upload_persistence_via_get" time="0.139" /><testcase classname="tests.test_iter128_support_screenshot.TestSupportScreenshotUpload" name="test_upload_without_token_forbidden" time="0.132" /><testcase classname="tests.test_iter128_support_screenshot.TestSupportScreenshotUpload" name="test_upload_as_nonadmin_forbidden" time="0.322" /><testcase classname="tests.test_iter128_support_screenshot.TestSupportScreenshotUpload" name="test_upload_over_4mb_rejected" time="0.774" /><testcase classname="tests.test_iter128_support_screenshot.TestSupportScreenshotList" name="test_list_admin" time="0.129" /><testcase classname="tests.test_iter128_support_screenshot.TestSupportScreenshotList" name="test_list_nonadmin_forbidden" time="0.131" /><testcase classname="tests.test_iter128_support_screenshot.TestSupportScreenshotFetch" name="test_fetch_doc_nonadmin_forbidden" time="0.119" /><testcase classname="tests.test_iter128_support_screenshot.TestSupportScreenshotFetch" name="test_fetch_image_admin_returns_jpeg" time="0.119" /><testcase classname="tests.test_iter128_support_screenshot.TestSupportScreenshotFetch" name="test_fetch_image_nonadmin_forbidden" time="0.120" /><testcase classname="tests.test_iter128_support_screenshot.TestDiagnosticsPost" name="test_diagnostics_public_no_token" time="0.139" /><testcase classname="tests.test_iter128_support_screenshot.TestDiagnosticsPost" name="test_diagnostics_with_admin_token" time="0.116" /><testcase classname="tests.test_iter128_support_screenshot.TestNonRegression" name="test_diagnostics_ping" time="0.120" /><testcase classname="tests.test_iter128_support_screenshot.TestNonRegression" name="test_support_upload_chunked_full_flow" time="0.579" /><testcase classname="tests.test_iter128_support_screenshot.TestNonRegression" name="test_support_upload_init_requires_auth" time="0.168" /><testcase classname="tests.test_iter129_engine_c_extended" name="test_rules_endpoint_accessible_to_non_admin" time="0.404" /><testcase classname="tests.test_iter129_engine_c_extended" name="test_engine_c_visible_to_non_admin_in_engines_list" time="0.083" /><testcase classname="tests.test_iter129_engine_c_extended" name="test_non_admin_can_compute_with_engine_c" time="0.938" /><testcase classname="tests.test_iter129_engine_c_extended" name="test_engine_c_never_fails_on_multiple_couples[start0-end0-Illur SEA\u2192LAND]" time="0.267" /><testcase classname="tests.test_iter129_engine_c_extended" name="test_engine_c_never_fails_on_multiple_couples[start1-end1-Golfe A\u2192B]" time="1.010" /><testcase classname="tests.test_iter129_engine_c_extended" name="test_engine_c_never_fails_on_multiple_couples[start2-end2-Inter-bassins Loire\u2192Golfe]" time="3.711" /><testcase classname="tests.test_iter129_engine_c_extended" name="test_engine_c_reversible_geometry[a0-b0-Illur]" time="0.511" /><testcase classname="tests.test_iter129_engine_c_extended" name="test_engine_c_reversible_geometry[a1-b1-Golfe]" time="2.076" /><testcase classname="tests.test_iter129_engine_c_extended" name="test_engine_c_reversible_geometry[a2-b2-Inter-bassins]" time="6.169" /><testcase classname="tests.test_iter129_engine_c_extended" name="test_engine_a_does_not_expose_engine_c_fields" time="0.238" /><testcase classname="tests.test_iter129_engine_c_extended" name="test_engine_b_does_not_expose_engine_c_fields" time="0.249" /><testcase classname="tests.test_iter129_engine_c_extended" name="test_engine_b_deterministic" time="0.480" /><testcase classname="tests.test_iter129_engine_c_extended" name="test_manual_route_engine_c_preserves_waypoints" time="0.100" /><testcase classname="tests.test_iter129_engine_c_rules" name="test_rules_endpoint_publishes_the_four_rules" time="0.508" /><testcase classname="tests.test_iter129_engine_c_rules" name="test_engine_c_is_seeded_and_bound_to_v3" time="0.094" /><testcase classname="tests.test_iter129_engine_c_rules" name="test_rule1_same_geometry_both_directions" time="0.467" /><testcase classname="tests.test_iter129_engine_c_rules" name="test_rule1_conventional_direction_goes_sea_to_land" time="0.222" /><testcase classname="tests.test_iter129_engine_c_rules" name="test_rule1_no_lateral_left_on_the_wrong_side" time="0.252" /><testcase classname="tests.test_iter129_engine_c_rules" name="test_rule3_lateral_margin_is_measured_and_reported" time="0.236" /><testcase classname="tests.test_iter129_engine_c_rules" name="test_rule4_never_fails_on_fragile_start" time="3.136" /><testcase classname="tests.test_iter129_engine_c_rules" name="test_rule4_red_legs_carry_a_reason" time="3.097" /><testcase classname="tests.test_iter129_engine_c_rules" name="test_frozen_engines_still_answer_with_their_own_algo[engine_a-signalmar.v1]" time="0.226" /><testcase classname="tests.test_iter129_engine_c_rules" name="test_frozen_engines_still_answer_with_their_own_algo[engine_b-signalmar.v2]" time="0.238" /><testcase classname="tests.test_iter129_engine_c_rules" name="test_frozen_engine_a_is_deterministic_across_calls" time="0.489" /><testcase classname="tests.test_iter130_engine_c_bugfix_review" name="test_new_pairs_no_wrong_side_marks[start0-end0]" time="0.166"><error message="failed on setup with &quot;AssertionError: {&quot;detail&quot;:&quot;Trop de demandes. Réessayez dans 21 s.&quot;}&#10;assert 429 == 200&#10; +  where 429 = &lt;Response [429]&gt;.status_code&quot;">tests/test_iter130_engine_c_bugfix_review.py:70: in admin
    assert r.status_code == 200, r.text[:200]
E   AssertionError: {"detail":"Trop de demandes. Réessayez dans 21 s."}
E   assert 429 == 200
E    +  where 429 = &lt;Response [429]&gt;.status_code</error></testcase><testcase classname="tests.test_iter130_engine_c_bugfix_review" name="test_new_pairs_no_wrong_side_marks[start1-end1]" time="0.000"><error message="failed on setup with &quot;AssertionError: {&quot;detail&quot;:&quot;Trop de demandes. Réessayez dans 21 s.&quot;}&#10;assert 429 == 200&#10; +  where 429 = &lt;Response [429]&gt;.status_code&quot;">tests/test_iter130_engine_c_bugfix_review.py:70: in admin
    assert r.status_code == 200, r.text[:200]
E   AssertionError: {"detail":"Trop de demandes. Réessayez dans 21 s."}
E   assert 429 == 200
E    +  where 429 = &lt;Response [429]&gt;.status_code</error></testcase><testcase classname="tests.test_iter130_engine_c_bugfix_review" name="test_new_pairs_no_wrong_side_marks[start2-end2]" time="0.000"><error message="failed on setup with &quot;AssertionError: {&quot;detail&quot;:&quot;Trop de demandes. Réessayez dans 21 s.&quot;}&#10;assert 429 == 200&#10; +  where 429 = &lt;Response [429]&gt;.status_code&quot;">tests/test_iter130_engine_c_bugfix_review.py:70: in admin
    assert r.status_code == 200, r.text[:200]
E   AssertionError: {"detail":"Trop de demandes. Réessayez dans 21 s."}
E   assert 429 == 200
E    +  where 429 = &lt;Response [429]&gt;.status_code</error></testcase><testcase classname="tests.test_iter130_engine_c_bugfix_review" name="test_new_pairs_no_wrong_side_marks[start3-end3]" time="0.000"><error message="failed on setup with &quot;AssertionError: {&quot;detail&quot;:&quot;Trop de demandes. Réessayez dans 21 s.&quot;}&#10;assert 429 == 200&#10; +  where 429 = &lt;Response [429]&gt;.status_code&quot;">tests/test_iter130_engine_c_bugfix_review.py:70: in admin
    assert r.status_code == 200, r.text[:200]
E   AssertionError: {"detail":"Trop de demandes. Réessayez dans 21 s."}
E   assert 429 == 200
E    +  where 429 = &lt;Response [429]&gt;.status_code</error></testcase><testcase classname="tests.test_iter130_engine_c_bugfix_review" name="test_new_pairs_track_differs_from_engine_a_when_side_fixed[start0-end0]" time="0.000"><error message="failed on setup with &quot;AssertionError: {&quot;detail&quot;:&quot;Trop de demandes. Réessayez dans 21 s.&quot;}&#10;assert 429 == 200&#10; +  where 429 = &lt;Response [429]&gt;.status_code&quot;">tests/test_iter130_engine_c_bugfix_review.py:70: in admin
    assert r.status_code == 200, r.text[:200]
E   AssertionError: {"detail":"Trop de demandes. Réessayez dans 21 s."}
E   assert 429 == 200
E    +  where 429 = &lt;Response [429]&gt;.status_code</error></testcase><testcase classname="tests.test_iter130_engine_c_bugfix_review" name="test_new_pairs_track_differs_from_engine_a_when_side_fixed[start1-end1]" time="0.000"><error message="failed on setup with &quot;AssertionError: {&quot;detail&quot;:&quot;Trop de demandes. Réessayez dans 21 s.&quot;}&#10;assert 429 == 200&#10; +  where 429 = &lt;Response [429]&gt;.status_code&quot;">tests/test_iter130_engine_c_bugfix_review.py:70: in admin
    assert r.status_code == 200, r.text[:200]
E   AssertionError: {"detail":"Trop de demandes. Réessayez dans 21 s."}
E   assert 429 == 200
E    +  where 429 = &lt;Response [429]&gt;.status_code</error></testcase><testcase classname="tests.test_iter130_engine_c_bugfix_review" name="test_new_pairs_track_differs_from_engine_a_when_side_fixed[start2-end2]" time="0.000"><error message="failed on setup with &quot;AssertionError: {&quot;detail&quot;:&quot;Trop de demandes. Réessayez dans 21 s.&quot;}&#10;assert 429 == 200&#10; +  where 429 = &lt;Response [429]&gt;.status_code&quot;">tests/test_iter130_engine_c_bugfix_review.py:70: in admin
    assert r.status_code == 200, r.text[:200]
E   AssertionError: {"detail":"Trop de demandes. Réessayez dans 21 s."}
E   assert 429 == 200
E    +  where 429 = &lt;Response [429]&gt;.status_code</error></testcase><testcase classname="tests.test_iter130_engine_c_bugfix_review" name="test_new_pairs_track_differs_from_engine_a_when_side_fixed[start3-end3]" time="0.000"><error message="failed on setup with &quot;AssertionError: {&quot;detail&quot;:&quot;Trop de demandes. Réessayez dans 21 s.&quot;}&#10;assert 429 == 200&#10; +  where 429 = &lt;Response [429]&gt;.status_code&quot;">tests/test_iter130_engine_c_bugfix_review.py:70: in admin
    assert r.status_code == 200, r.text[:200]
E   AssertionError: {"detail":"Trop de demandes. Réessayez dans 21 s."}
E   assert 429 == 200
E    +  where 429 = &lt;Response [429]&gt;.status_code</error></testcase><testcase classname="tests.test_iter130_engine_c_bugfix_review" name="test_no_cardinal_in_wrong_side_marks[start0-end0]" time="0.000"><error message="failed on setup with &quot;AssertionError: {&quot;detail&quot;:&quot;Trop de demandes. Réessayez dans 21 s.&quot;}&#10;assert 429 == 200&#10; +  where 429 = &lt;Response [429]&gt;.status_code&quot;">tests/test_iter130_engine_c_bugfix_review.py:70: in admin
    assert r.status_code == 200, r.text[:200]
E   AssertionError: {"detail":"Trop de demandes. Réessayez dans 21 s."}
E   assert 429 == 200
E    +  where 429 = &lt;Response [429]&gt;.status_code</error></testcase><testcase classname="tests.test_iter130_engine_c_bugfix_review" name="test_no_cardinal_in_wrong_side_marks[start1-end1]" time="0.000"><error message="failed on setup with &quot;AssertionError: {&quot;detail&quot;:&quot;Trop de demandes. Réessayez dans 21 s.&quot;}&#10;assert 429 == 200&#10; +  where 429 = &lt;Response [429]&gt;.status_code&quot;">tests/test_iter130_engine_c_bugfix_review.py:70: in admin
    assert r.status_code == 200, r.text[:200]
E   AssertionError: {"detail":"Trop de demandes. Réessayez dans 21 s."}
E   assert 429 == 200
E    +  where 429 = &lt;Response [429]&gt;.status_code</error></testcase><testcase classname="tests.test_iter130_engine_c_bugfix_review" name="test_no_cardinal_in_wrong_side_marks[start2-end2]" time="0.000"><error message="failed on setup with &quot;AssertionError: {&quot;detail&quot;:&quot;Trop de demandes. Réessayez dans 21 s.&quot;}&#10;assert 429 == 200&#10; +  where 429 = &lt;Response [429]&gt;.status_code&quot;">tests/test_iter130_engine_c_bugfix_review.py:70: in admin
    assert r.status_code == 200, r.text[:200]
E   AssertionError: {"detail":"Trop de demandes. Réessayez dans 21 s."}
E   assert 429 == 200
E    +  where 429 = &lt;Response [429]&gt;.status_code</error></testcase><testcase classname="tests.test_iter130_engine_c_bugfix_review" name="test_no_cardinal_in_wrong_side_marks[start3-end3]" time="0.000"><error message="failed on setup with &quot;AssertionError: {&quot;detail&quot;:&quot;Trop de demandes. Réessayez dans 21 s.&quot;}&#10;assert 429 == 200&#10; +  where 429 = &lt;Response [429]&gt;.status_code&quot;">tests/test_iter130_engine_c_bugfix_review.py:70: in admin
    assert r.status_code == 200, r.text[:200]
E   AssertionError: {"detail":"Trop de demandes. Réessayez dans 21 s."}
E   assert 429 == 200
E    +  where 429 = &lt;Response [429]&gt;.status_code</error></testcase><testcase classname="tests.test_iter130_engine_c_bugfix_review" name="test_wrong_side_shape_and_matching_warning[start0-end0]" time="0.000"><error message="failed on setup with &quot;AssertionError: {&quot;detail&quot;:&quot;Trop de demandes. Réessayez dans 21 s.&quot;}&#10;assert 429 == 200&#10; +  where 429 = &lt;Response [429]&gt;.status_code&quot;">tests/test_iter130_engine_c_bugfix_review.py:70: in admin
    assert r.status_code == 200, r.text[:200]
E   AssertionError: {"detail":"Trop de demandes. Réessayez dans 21 s."}
E   assert 429 == 200
E    +  where 429 = &lt;Response [429]&gt;.status_code</error></testcase><testcase classname="tests.test_iter130_engine_c_bugfix_review" name="test_wrong_side_shape_and_matching_warning[start1-end1]" time="0.000"><error message="failed on setup with &quot;AssertionError: {&quot;detail&quot;:&quot;Trop de demandes. Réessayez dans 21 s.&quot;}&#10;assert 429 == 200&#10; +  where 429 = &lt;Response [429]&gt;.status_code&quot;">tests/test_iter130_engine_c_bugfix_review.py:70: in admin
    assert r.status_code == 200, r.text[:200]
E   AssertionError: {"detail":"Trop de demandes. Réessayez dans 21 s."}
E   assert 429 == 200
E    +  where 429 = &lt;Response [429]&gt;.status_code</error></testcase><testcase classname="tests.test_iter130_engine_c_bugfix_review" name="test_wrong_side_shape_and_matching_warning[start2-end2]" time="0.000"><error message="failed on setup with &quot;AssertionError: {&quot;detail&quot;:&quot;Trop de demandes. Réessayez dans 21 s.&quot;}&#10;assert 429 == 200&#10; +  where 429 = &lt;Response [429]&gt;.status_code&quot;">tests/test_iter130_engine_c_bugfix_review.py:70: in admin
    assert r.status_code == 200, r.text[:200]
E   AssertionError: {"detail":"Trop de demandes. Réessayez dans 21 s."}
E   assert 429 == 200
E    +  where 429 = &lt;Response [429]&gt;.status_code</error></testcase><testcase classname="tests.test_iter130_engine_c_bugfix_review" name="test_wrong_side_shape_and_matching_warning[start3-end3]" time="0.000"><error message="failed on setup with &quot;AssertionError: {&quot;detail&quot;:&quot;Trop de demandes. Réessayez dans 21 s.&quot;}&#10;assert 429 == 200&#10; +  where 429 = &lt;Response [429]&gt;.status_code&quot;">tests/test_iter130_engine_c_bugfix_review.py:70: in admin
    assert r.status_code == 200, r.text[:200]
E   AssertionError: {"detail":"Trop de demandes. Réessayez dans 21 s."}
E   assert 429 == 200
E    +  where 429 = &lt;Response [429]&gt;.status_code</error></testcase><testcase classname="tests.test_iter130_engine_c_bugfix_review" name="test_reversibility_new_pairs[start0-end0]" time="0.000"><error message="failed on setup with &quot;AssertionError: {&quot;detail&quot;:&quot;Trop de demandes. Réessayez dans 21 s.&quot;}&#10;assert 429 == 200&#10; +  where 429 = &lt;Response [429]&gt;.status_code&quot;">tests/test_iter130_engine_c_bugfix_review.py:70: in admin
    assert r.status_code == 200, r.text[:200]
E   AssertionError: {"detail":"Trop de demandes. Réessayez dans 21 s."}
E   assert 429 == 200
E    +  where 429 = &lt;Response [429]&gt;.status_code</error></testcase><testcase classname="tests.test_iter130_engine_c_bugfix_review" name="test_reversibility_new_pairs[start1-end1]" time="0.000"><error message="failed on setup with &quot;AssertionError: {&quot;detail&quot;:&quot;Trop de demandes. Réessayez dans 21 s.&quot;}&#10;assert 429 == 200&#10; +  where 429 = &lt;Response [429]&gt;.status_code&quot;">tests/test_iter130_engine_c_bugfix_review.py:70: in admin
    assert r.status_code == 200, r.text[:200]
E   AssertionError: {"detail":"Trop de demandes. Réessayez dans 21 s."}
E   assert 429 == 200
E    +  where 429 = &lt;Response [429]&gt;.status_code</error></testcase><testcase classname="tests.test_iter130_engine_c_bugfix_review" name="test_reversibility_new_pairs[start2-end2]" time="0.000"><error message="failed on setup with &quot;AssertionError: {&quot;detail&quot;:&quot;Trop de demandes. Réessayez dans 21 s.&quot;}&#10;assert 429 == 200&#10; +  where 429 = &lt;Response [429]&gt;.status_code&quot;">tests/test_iter130_engine_c_bugfix_review.py:70: in admin
    assert r.status_code == 200, r.text[:200]
E   AssertionError: {"detail":"Trop de demandes. Réessayez dans 21 s."}
E   assert 429 == 200
E    +  where 429 = &lt;Response [429]&gt;.status_code</error></testcase><testcase classname="tests.test_iter130_engine_c_bugfix_review" name="test_reversibility_new_pairs[start3-end3]" time="0.000"><error message="failed on setup with &quot;AssertionError: {&quot;detail&quot;:&quot;Trop de demandes. Réessayez dans 21 s.&quot;}&#10;assert 429 == 200&#10; +  where 429 = &lt;Response [429]&gt;.status_code&quot;">tests/test_iter130_engine_c_bugfix_review.py:70: in admin
    assert r.status_code == 200, r.text[:200]
E   AssertionError: {"detail":"Trop de demandes. Réessayez dans 21 s."}
E   assert 429 == 200
E    +  where 429 = &lt;Response [429]&gt;.status_code</error></testcase><testcase classname="tests.test_iter130_engine_c_bugfix_review" name="test_engine_c_never_fails_land_arrival" time="0.000"><error message="failed on setup with &quot;AssertionError: {&quot;detail&quot;:&quot;Trop de demandes. Réessayez dans 21 s.&quot;}&#10;assert 429 == 200&#10; +  where 429 = &lt;Response [429]&gt;.status_code&quot;">tests/test_iter130_engine_c_bugfix_review.py:70: in admin
    assert r.status_code == 200, r.text[:200]
E   AssertionError: {"detail":"Trop de demandes. Réessayez dans 21 s."}
E   assert 429 == 200
E    +  where 429 = &lt;Response [429]&gt;.status_code</error></testcase><testcase classname="tests.test_iter130_engine_c_bugfix_review" name="test_engine_c_never_fails_land_departure" time="0.000"><error message="failed on setup with &quot;AssertionError: {&quot;detail&quot;:&quot;Trop de demandes. Réessayez dans 21 s.&quot;}&#10;assert 429 == 200&#10; +  where 429 = &lt;Response [429]&gt;.status_code&quot;">tests/test_iter130_engine_c_bugfix_review.py:70: in admin
    assert r.status_code == 200, r.text[:200]
E   AssertionError: {"detail":"Trop de demandes. Réessayez dans 21 s."}
E   assert 429 == 200
E    +  where 429 = &lt;Response [429]&gt;.status_code</error></testcase><testcase classname="tests.test_iter130_engine_c_bugfix_review" name="test_reversed_moved_endpoint_is_reported_as_departure" time="0.000"><error message="failed on setup with &quot;AssertionError: {&quot;detail&quot;:&quot;Trop de demandes. Réessayez dans 21 s.&quot;}&#10;assert 429 == 200&#10; +  where 429 = &lt;Response [429]&gt;.status_code&quot;">tests/test_iter130_engine_c_bugfix_review.py:70: in admin
    assert r.status_code == 200, r.text[:200]
E   AssertionError: {"detail":"Trop de demandes. Réessayez dans 21 s."}
E   assert 429 == 200
E    +  where 429 = &lt;Response [429]&gt;.status_code</error></testcase><testcase classname="tests.test_iter130_engine_c_bugfix_review" name="test_frozen_engines_have_no_v3_fields[engine_a]" time="0.000"><error message="failed on setup with &quot;AssertionError: {&quot;detail&quot;:&quot;Trop de demandes. Réessayez dans 21 s.&quot;}&#10;assert 429 == 200&#10; +  where 429 = &lt;Response [429]&gt;.status_code&quot;">tests/test_iter130_engine_c_bugfix_review.py:70: in admin
    assert r.status_code == 200, r.text[:200]
E   AssertionError: {"detail":"Trop de demandes. Réessayez dans 21 s."}
E   assert 429 == 200
E    +  where 429 = &lt;Response [429]&gt;.status_code</error></testcase><testcase classname="tests.test_iter130_engine_c_bugfix_review" name="test_frozen_engines_have_no_v3_fields[engine_b]" time="0.000"><error message="failed on setup with &quot;AssertionError: {&quot;detail&quot;:&quot;Trop de demandes. Réessayez dans 21 s.&quot;}&#10;assert 429 == 200&#10; +  where 429 = &lt;Response [429]&gt;.status_code&quot;">tests/test_iter130_engine_c_bugfix_review.py:70: in admin
    assert r.status_code == 200, r.text[:200]
E   AssertionError: {"detail":"Trop de demandes. Réessayez dans 21 s."}
E   assert 429 == 200
E    +  where 429 = &lt;Response [429]&gt;.status_code</error></testcase><testcase classname="tests.test_iter130_engine_c_bugfix_review" name="test_engine_a_is_deterministic" time="0.000"><error message="failed on setup with &quot;AssertionError: {&quot;detail&quot;:&quot;Trop de demandes. Réessayez dans 21 s.&quot;}&#10;assert 429 == 200&#10; +  where 429 = &lt;Response [429]&gt;.status_code&quot;">tests/test_iter130_engine_c_bugfix_review.py:70: in admin
    assert r.status_code == 200, r.text[:200]
E   AssertionError: {"detail":"Trop de demandes. Réessayez dans 21 s."}
E   assert 429 == 200
E    +  where 429 = &lt;Response [429]&gt;.status_code</error></testcase><testcase classname="tests.test_iter130_engine_c_marks" name="test_south_cardinal_wrong_side_is_detected[80.0]" time="0.003" /><testcase classname="tests.test_iter130_engine_c_marks" name="test_south_cardinal_wrong_side_is_detected[150.0]" time="0.000" /><testcase classname="tests.test_iter130_engine_c_marks" name="test_south_cardinal_wrong_side_is_detected[200.0]" time="0.000" /><testcase classname="tests.test_iter130_engine_c_marks" name="test_south_cardinal_right_side_is_clean[-80.0]" time="0.000" /><testcase classname="tests.test_iter130_engine_c_marks" name="test_south_cardinal_right_side_is_clean[-150.0]" time="0.000" /><testcase classname="tests.test_iter130_engine_c_marks" name="test_south_cardinal_right_side_is_clean[-300.0]" time="0.000" /><testcase classname="tests.test_iter130_engine_c_marks" name="test_cardinal_interdiction_stops_beyond_the_shoal_it_marks" time="0.000" /><testcase classname="tests.test_iter130_engine_c_marks" name="test_tight_channel_pair_does_not_impose_its_side_from_outside" time="0.000" /><testcase classname="tests.test_iter130_engine_c_marks" name="test_no_mark_left_on_the_wrong_side_across_the_gulf[start0-end0]" time="0.605" /><testcase classname="tests.test_iter130_engine_c_marks" name="test_no_mark_left_on_the_wrong_side_across_the_gulf[start1-end1]" time="0.380" /><testcase classname="tests.test_iter130_engine_c_marks" name="test_no_mark_left_on_the_wrong_side_across_the_gulf[start2-end2]" time="0.216" /><testcase classname="tests.test_iter130_engine_c_marks" name="test_no_mark_left_on_the_wrong_side_across_the_gulf[start3-end3]" time="0.273" /><testcase classname="tests.test_iter130_engine_c_marks" name="test_no_mark_left_on_the_wrong_side_across_the_gulf[start4-end4]" time="0.900" /><testcase classname="tests.test_iter130_engine_c_marks" name="test_no_mark_left_on_the_wrong_side_across_the_gulf[start5-end5]" time="0.956" /><testcase classname="tests.test_iter130_engine_c_marks" name="test_illur_channel_is_actually_corrected" time="0.403" /><testcase classname="tests.test_iter130_engine_c_marks" name="test_reversibility_holds_after_side_corrections" time="0.421" /><testcase classname="tests.test_iter130_engine_c_marks" name="test_frozen_engines_untouched_by_the_cardinal_rule" time="0.389" /><testcase classname="tests.test_iter131_support_transport" name="test_chunked_map_capture_is_stored_with_its_coordinates" time="0.896" /><testcase classname="tests.test_iter131_support_transport" name="test_chunk_requests_stay_small_enough_to_avoid_throttling" time="0.001" /><testcase classname="tests.test_iter131_support_transport" name="test_init_advertises_the_recommended_chunk_size" time="0.073" /><testcase classname="tests.test_iter131_support_transport" name="test_commit_refuses_an_incomplete_upload" time="0.280" /><testcase classname="tests.test_iter131_support_transport" name="test_unknown_upload_session_is_reported_clearly" time="0.095" /><testcase classname="tests.test_iter131_support_transport" name="test_context_only_capture_is_accepted_on_web" time="0.225" /><testcase classname="tests.test_iter131_support_transport" name="test_empty_capture_is_rejected" time="0.075" /><testcase classname="tests.test_iter131_support_transport" name="test_inbox_reports_what_the_server_actually_received" time="0.386" /><testcase classname="tests.test_iter132_support_extra" name="test_chunked_various_sizes_roundtrip[60]" time="0.581" /><testcase classname="tests.test_iter132_support_extra" name="test_chunked_various_sizes_roundtrip[250]" time="0.494" /><testcase classname="tests.test_iter132_support_extra" name="test_chunked_various_sizes_roundtrip[1500]" time="1.475" /><testcase classname="tests.test_iter132_support_extra" name="test_over_size_limit_returns_413" time="3.337" /><testcase classname="tests.test_iter132_support_extra" name="test_non_admin_forbidden_on_commit" time="0.291" /><testcase classname="tests.test_iter132_support_extra" name="test_non_admin_forbidden_on_inbox" time="0.065" /><testcase classname="tests.test_iter132_support_extra" name="test_non_admin_forbidden_on_screenshot_post" time="0.062" /><testcase classname="tests.test_iter132_support_extra" name="test_non_admin_forbidden_on_screenshots_list" time="0.069" /><testcase classname="tests.test_iter132_support_extra" name="test_single_shot_data_url_still_works" time="0.137" /><testcase classname="tests.test_iter132_support_extra" name="test_admin_list_screenshots_still_operational" time="0.063" /><testcase classname="tests.test_iter132_support_extra" name="test_upload_survives_backend_restart" time="3.261" /><testcase classname="tests.test_iter133_engine_d_integration" name="test_engines_listing" time="0.294" /><testcase classname="tests.test_iter133_engine_d_integration" name="test_vilaine_engine_d_http_200" time="6.397" /><testcase classname="tests.test_iter133_engine_d_integration" name="test_vilaine_engine_d_shallow_flag" time="0.000" /><testcase classname="tests.test_iter133_engine_d_integration" name="test_vilaine_engine_d_no_wrong_side_marks" time="0.000" /><testcase classname="tests.test_iter133_engine_d_integration" name="test_vilaine_engine_d_no_wrong_side_warning" time="0.000" /><testcase classname="tests.test_iter133_engine_d_integration" name="test_illur_engine_d_http_200" time="3.214" /><testcase classname="tests.test_iter133_engine_d_integration" name="test_illur_engine_d_no_wrong_side_illur" time="0.000" /><testcase classname="tests.test_iter133_engine_d_integration" name="test_illur_engine_d_route_passes_north_of_illur" time="0.000" /><testcase classname="tests.test_iter133_engine_d_integration" name="test_vilaine_engine_b_http_200" time="6.303" /><testcase classname="tests.test_iter133_engine_d_integration" name="test_vilaine_engine_b_no_wrong_side_marks_field" time="0.000" /><testcase classname="tests.test_iter133_sens_conventionnel_isolees" name="test_illur_est_isolee_et_son_cote_navigable_est_le_nord" time="0.001" /><testcase classname="tests.test_iter133_sens_conventionnel_isolees" name="test_direction_conventionnelle_confiante_chiralite_verte" time="0.001" /><testcase classname="tests.test_iter133_sens_conventionnel_isolees" name="test_isolee_ambigue_reste_sans_signal" time="0.001" /><testcase classname="tests.test_iter133_sens_conventionnel_isolees" name="test_couple_prioritaire_sur_la_bathy" time="0.000" /><testcase classname="tests.test_iter133_sens_conventionnel_isolees" name="test_navigable_side_refuse_les_non_laterales" time="0.000" /><testcase classname="tests.test_iter133_sens_conventionnel_isolees" name="test_hors_mode_d_mark_dir_reste_le_gradient_historique" time="0.001" /><testcase classname="tests.test_iter133_sens_conventionnel_isolees" name="test_algo_v4_enregistre_et_moteurs_geles_intacts" time="0.000" /><testcase classname="tests.test_iter133_sens_conventionnel_isolees" name="test_mode_d_ne_leve_jamais_un_cote_fiable" time="0.005" /><testcase classname="tests.test_iter133_sens_conventionnel_isolees" name="test_moteur_d_passe_au_nord_d_illur_dans_les_deux_sens" time="2.257" /><testcase classname="tests.test_iter134_moteur_e" name="test_v5_enregistre_et_geles_intacts" time="0.000" /><testcase classname="tests.test_iter134_moteur_e" name="test_couples_reciproques_au_crouesty" time="0.001" /><testcase classname="tests.test_iter134_moteur_e" name="test_couple_ecarte_chenal_vannes_respecte" time="0.941" /><testcase classname="tests.test_iter134_moteur_e" name="test_arrivee_crouesty_atteinte" time="1.295" /><testcase classname="tests.test_iter134_moteur_e" name="test_illur_au_nord_dans_les_deux_sens" time="2.247" /><testcase classname="tests.test_iter135_retours_moteur_e" name="test_grand_mouton_cote_ouest_confiant" time="0.001" /><testcase classname="tests.test_iter135_retours_moteur_e" name="test_grand_mouton_passee_a_l_ouest" time="4.966" /><testcase classname="tests.test_iter135_retours_moteur_e" name="test_aucun_mauvais_cote_route_crouesty" time="0.000" /><testcase classname="tests.test_iter135_retours_moteur_e" name="test_pas_d_embardee_entree_du_port" time="0.000" /><testcase classname="tests.test_iter135_retours_moteur_e" name="test_logoden_au_sud_chenal_de_vannes" time="0.914" /><testcase classname="tests.test_iter136_e2e_api_engine_f.TestEngineFCorrections" name="test_engine_f_route_arradon_trinite" time="3.903"><failure message="AssertionError: algo mismatch: {'id': 'engine_f', 'name': 'Moteur F base E 13.08.26', 'algo': 'signalmar.f_frozen', 'algo_version': '6.1.0'}&#10;assert 'signalmar.f_frozen' == 'signalmar.v6'&#10;  &#10;  - signalmar.v6&#10;  + signalmar.f_frozen">tests/test_iter136_e2e_api_engine_f.py:108: in test_engine_f_route_arradon_trinite
    assert engine.get("algo") == "signalmar.v6", f"algo mismatch: {engine}"
E   AssertionError: algo mismatch: {'id': 'engine_f', 'name': 'Moteur F base E 13.08.26', 'algo': 'signalmar.f_frozen', 'algo_version': '6.1.0'}
E   assert 'signalmar.f_frozen' == 'signalmar.v6'
E     
E     - signalmar.v6
E     + signalmar.f_frozen</failure></testcase><testcase classname="tests.test_iter136_e2e_api_engine_f.TestEngineEFrozen" name="test_engine_e_still_has_truie_bug" time="3.433" /><testcase classname="tests.test_iter136_e2e_api_engine_f.TestEnginesList" name="test_engines_list_contains_f_and_e" time="0.105"><failure message="AssertionError: engine_f algo: {'id': 'engine_f', 'active': True, 'algo': 'signalmar.f_frozen', 'built_in': False, 'created_at': '2026-08-13T14:52:19.996000', 'description': 'Moteur F GELÉ le 27/08/26 (référence immuable, validée support) : logique figée dans core/nav/engine_f_frozen.py. Les évolutions se font sur le Moteur I.', 'name': 'Moteur F base E 13.08.26', 'params': {}, 'parent_id': 'engine_e', 'updated_at': '2026-08-31T07:55:21.105000', 'usage_count': 387, 'frozen': True, 'algo_version': '6.1.0'}&#10;assert 'signalmar.f_frozen' == 'signalmar.v6'&#10;  &#10;  - signalmar.v6&#10;  + signalmar.f_frozen">tests/test_iter136_e2e_api_engine_f.py:174: in test_engines_list_contains_f_and_e
    assert ef.get("algo") == "signalmar.v6", f"engine_f algo: {ef}"
[...]
E   assert 180.0 == 77.0 ± 0.5
E     
E     comparison failed
E     Obtained: 180.0
E     Expected: 77.0 ± 0.5</failure></testcase><testcase classname="tests.test_phase_e3_lot2_drift_cone.TestDriftConeHeadingEdit" name="test_10_leeway_5pct_vs_3pct_distance_ratio" time="1.773" /><testcase classname="tests.test_phase_e4_refactor_smoke.TestAuthRouter" name="test_register_login_me_chain" time="1.521" /><testcase classname="tests.test_phase_e4_refactor_smoke.TestAuthRouter" name="test_login_bad_password" time="0.509" /><testcase classname="tests.test_phase_e4_refactor_smoke.TestReportsRouter" name="test_create_list_get" time="2.877" /><testcase classname="tests.test_phase_e4_refactor_smoke.TestReportsRouter" name="test_patch_heading_rotates_drift_cone" time="2.968" /><testcase classname="tests.test_phase_e4_refactor_smoke.TestReportsRouter" name="test_confirm_by_second_user" time="2.924" /><testcase classname="tests.test_phase_e4_refactor_smoke.TestModerationRouter" name="test_propose_edit_and_vote" time="1.314" /><testcase classname="tests.test_phase_e4_refactor_smoke.TestChatRouter" name="test_post_and_list_messages" time="1.287" /><testcase classname="tests.test_phase_e4_refactor_smoke.TestProfileRouter" name="test_me_pagination_fields" time="0.071" /><testcase classname="tests.test_phase_e4_refactor_smoke.TestProfileRouter" name="test_avatar_upload" time="0.072" /><testcase classname="tests.test_phase_e4_refactor_smoke.TestProfileRouter" name="test_location_update" time="0.068" /><testcase classname="tests.test_phase_e4_refactor_smoke.TestProfileRouter" name="test_preferences_update" time="0.069" /><testcase classname="tests.test_phase_e4_refactor_smoke.TestWeatherRouter" name="test_marine_returns_alerts_and_current" time="1.151" /><testcase classname="tests.test_phase_e4_refactor_smoke.TestTtsRouter" name="test_tts_alert_returns_audio" time="0.070" /><testcase classname="tests.test_phase_e4_refactor_smoke.TestDiagnosticsRouter" name="test_ping" time="0.176" /><testcase classname="tests.test_phase_e4_refactor_smoke.TestDiagnosticsRouter" name="test_persist_logs" time="0.075" /><testcase classname="tests.test_phase_e4_refactor_smoke.TestNoDuplicateEndpoints" name="test_no_duplicate_operations" time="0.041" /><testcase classname="tests.test_phase_e6_meteofrance" name="test_1_health_ping" time="0.002" /><testcase classname="tests.test_phase_e6_meteofrance" name="test_2_login" time="0.264" /><testcase classname="tests.test_phase_e6_meteofrance" name="test_3_meteofrance_coastal_arome" time="0.046"><failure message="AssertionError: assert False is True&#10; +  where False = &lt;built-in method get of dict object at 0xf94f1982fb40&gt;('env_configured')&#10; +    where &lt;built-in method get of dict object at 0xf94f1982fb40&gt; = {'input': {'lat': 47.65, 'lng': -2.75, 'clear_cache': True}, 'env_configured': False, 'eccodes': None, 'token': {'ok': False, 'cached': False, 'expires_at': None, 'refreshed_during_call': False}, ...}.get">tests/test_phase_e6_meteofrance.py:70: in test_3_meteofrance_coastal_arome
    assert d.get("env_configured") is True
E   AssertionError: assert False is True
E    +  where False = &lt;built-in method get of dict object at 0xf94f1982fb40&gt;('env_configured')
E    +    where &lt;built-in method get of dict object at 0xf94f1982fb40&gt; = {'input': {'lat': 47.65, 'lng': -2.75, 'clear_cache': True}, 'env_configured': False, 'eccodes': None, 'token': {'ok': False, 'cached': False, 'expires_at': None, 'refreshed_during_call': False}, ...}.get</failure></testcase><testcase classname="tests.test_phase_e6_meteofrance" name="test_4_cache_hit" time="0.505"><failure message="AssertionError: expected cached=true, got wind={}&#10;assert None is True&#10; +  where None = &lt;built-in method get of dict object at 0xf94f19890bc0&gt;('cached')&#10; +    where &lt;built-in method get of dict object at 0xf94f19890bc0&gt; = {}.get">tests/test_phase_e6_meteofrance.py:115: in test_4_cache_hit
    assert wind.get("cached") is True, f"expected cached=true, got wind={wind}"
E   AssertionError: expected cached=true, got wind={}
E   assert None is True
E    +  where None = &lt;built-in method get of dict object at 0xf94f19890bc0&gt;('cached')
E    +    where &lt;built-in method get of dict object at 0xf94f19890bc0&gt; = {}.get</failure></testcase><testcase classname="tests.test_phase_e6_meteofrance" name="test_5_offshore_arpege" time="0.044"><failure message="Failed: MF/Open-Meteo BOTH failed offshore: errors=['eccodes import failed: ModuleNotFoundError(&quot;No module named \'eccodes\'&quot;)']">tests/test_phase_e6_meteofrance.py:134: in test_5_offshore_arpege
    pytest.fail(f"MF/Open-Meteo BOTH failed offshore: errors={d.get('errors')}")
E   Failed: MF/Open-Meteo BOTH failed offshore: errors=['eccodes import failed: ModuleNotFoundError("No module named \'eccodes\'")']</failure></testcase><testcase classname="tests.test_phase_e6_meteofrance" name="test_6_cache_stats" time="0.045"><failure message="AssertionError: assert 0 &gt;= 1&#10; +  where 0 = &lt;built-in method get of dict object at 0xf94f1987efc0&gt;('total', 0)&#10; +    where &lt;built-in method get of dict object at 0xf94f1987efc0&gt; = {'ok': True, 'total': 0, 'by_source': {}, 'newest': None, ...}.get">tests/test_phase_e6_meteofrance.py:155: in test_6_cache_stats
    assert d.get("total", 0) &gt;= 1  # at least one MF hit expected if not full fallback
    ^^^^^^^^^^^^^^^^^^^^^^^^^^^^^
E   AssertionError: assert 0 &gt;= 1
E    +  where 0 = &lt;built-in method get of dict object at 0xf94f1987efc0&gt;('total', 0)
E    +    where &lt;built-in method get of dict object at 0xf94f1987efc0&gt; = {'ok': True, 'total': 0, 'by_source': {}, 'newest': None, ...}.get</failure></testcase><testcase classname="tests.test_phase_e6_meteofrance" name="test_7_report_creation_with_drift_cone" time="1.011" /><testcase classname="tests.test_phase_e6_meteofrance" name="test_8a_auth_me" time="0.002" /><testcase classname="tests.test_phase_e6_meteofrance" name="test_8b_reports_list" time="0.003" /><testcase classname="tests.test_phase_e_lot2_pagination.TestProfilePagination" name="test_default_page_returns_new_fields" time="0.475" /><testcase classname="tests.test_phase_e_lot2_pagination.TestProfilePagination" name="test_limit_5_offset_0" time="0.119" /><testcase classname="tests.test_phase_e_lot2_pagination.TestProfilePagination" name="test_limit_5_offset_5_distinct_from_page_1" time="0.401" /><testcase classname="tests.test_phase_e_lot2_pagination.TestProfilePagination" name="test_limit_clamp_low" time="0.119" /><testcase classname="tests.test_phase_e_lot2_pagination.TestProfilePagination" name="test_limit_clamp_high" time="0.113" /><testcase classname="tests.test_phase_e_lot2_pagination.TestProfilePagination" name="test_offset_clamp_negative" time="0.129" /><testcase classname="tests.test_phase_e_lot2_pagination.TestProfilePagination" name="test_offset_clamp_high" time="0.136" /><testcase classname="tests.test_phase_e_lot2_pagination.TestProfilePagination" name="test_non_numeric_params_no_500" time="0.119" /><testcase classname="tests.test_phase_e_lot2_pagination.TestProfilePagination" name="test_history_total_capped_at_20" time="0.116" /><testcase classname="tests.test_phase_e_lot2_pagination.TestProfilePagination" name="test_reports_count_is_true_total" time="0.120" /><testcase classname="tests.test_phase_e_lot2_pagination.TestSmoke" name="test_list_reports" time="0.114" /><testcase classname="tests.test_phase_e_lot2_pagination.TestSmoke" name="test_create_report_dev" time="0.265" /><testcase classname="tests.test_phase_e_lot2_pagination.TestSmoke" name="test_auth_me" time="0.130" /><testcase classname="tests.test_phase_t_switcher.TestListAccountsDev" name="test_requires_auth" time="0.129" /><testcase classname="tests.test_phase_t_switcher.TestListAccountsDev" name="test_admin_sees_all_accounts_with_current_first" time="0.574" /><testcase classname="tests.test_phase_t_switcher.TestListAccountsDev" name="test_standard_account_rejected_since_purge" time="0.469" /><testcase classname="tests.test_phase_t_switcher.TestSwitchAccountDev" name="test_requires_auth" time="0.115" /><testcase classname="tests.test_phase_t_switcher.TestSwitchAccountDev" name="test_standard_cannot_switch_since_purge" time="0.470" /><testcase classname="tests.test_phase_t_switcher.TestSwitchAccountDev" name="test_unknown_target_is_404" time="0.145" /><testcase classname="tests.test_proximity_confirm_iter83.TestReportsForProximityHook" name="test_create_report_active_and_not_self_confirmed" time="0.313" /><testcase classname="tests.test_proximity_confirm_iter83.TestReportsForProximityHook" name="test_list_reports_returns_created_with_flag" time="0.063" /><testcase classname="tests.test_proximity_confirm_iter83.TestReportsForProximityHook" name="test_confirm_report_yes_branch" time="0.064" /><testcase classname="tests.test_proximity_confirm_iter83.TestReportsForProximityHook" name="test_deny_report_no_branch" time="0.064" /><testcase classname="tests.test_proximity_confirm_iter83.TestReportsForProximityHook" name="test_cleanup_delete_created_report" time="0.064" /><testcase classname="tests.test_short_id_and_by_code.TestCreateReportShortId" name="test_create_returns_valid_short_id" time="0.352" /><testcase classname="tests.test_short_id_and_by_code.TestCreateReportShortId" name="test_detail_returns_same_short_id" time="0.115" /><testcase classname="tests.test_short_id_and_by_code.TestByCodeResolver" name="test_by_code_uppercase" time="0.124" /><testcase classname="tests.test_short_id_and_by_code.TestByCodeResolver" name="test_by_code_case_insensitive" time="0.117" /><testcase classname="tests.test_short_id_and_by_code.TestByCodeResolver" name="test_by_code_unknown_returns_404_french" time="0.114" /><testcase classname="tests.test_short_id_and_by_code.TestByCodeResolver" name="test_by_code_too_short_returns_422" time="0.120" /><testcase classname="tests.test_short_id_and_by_code.TestListSerializer" name="test_list_reports_includes_short_id" time="0.120" /><testcase classname="tests.test_short_id_and_by_code.TestListSerializer" name="test_created_report_visible_in_list" time="0.138" /><testcase classname="tests.test_signmar_api.TestAuth" name="test_register_or_login_test_user" time="0.336" /><testcase classname="tests.test_signmar_api.TestAuth" name="test_login_wrong_password" time="0.334" /><testcase classname="tests.test_signmar_api.TestAuth" name="test_me_with_jwt" time="0.134" /><testcase classname="tests.test_signmar_api.TestAuth" name="test_me_without_token" time="0.115" /><testcase classname="tests.test_signmar_api.TestReports" name="test_create_report" time="0.135" /><testcase classname="tests.test_signmar_api.TestReports" name="test_list_reports_includes_created" time="0.112" /><testcase classname="tests.test_signmar_api.TestReports" name="test_get_single_report" time="0.112" /><testcase classname="tests.test_signmar_api.TestReports" name="test_confirm_report_increments" time="0.489" /><testcase classname="tests.test_signmar_api.TestReports" name="test_invalid_report_type_rejected" time="0.114" /><testcase classname="tests.test_signmar_api.TestReports" name="test_create_report_requires_auth" time="0.181" /><testcase classname="tests.test_signmar_api.TestMessages" name="test_post_and_list_messages" time="0.401" /><testcase classname="tests.test_signmar_api.TestProfile" name="test_profile_me" time="0.215" /><testcase classname="tests.test_signmar_api.TestWeather" name="test_marine_weather_no_auth" time="1.278" /><testcase classname="tests.test_sprint_a1_signalmar.TestR1Rebranding" name="test_root_internal_identifier" time="0.115" /><testcase classname="tests.test_sprint_a1_signalmar.TestR2Pseudo" name="test_register_sets_nautical_pseudo" time="0.341" /><testcase classname="tests.test_sprint_a1_signalmar.TestR2Pseudo" name="test_me_returns_same_pseudo" time="0.130" /><testcase classname="tests.test_sprint_a1_signalmar.TestR2Pseudo" name="test_patch_pseudo_persists" time="0.263" /><testcase classname="tests.test_sprint_a1_signalmar.TestR2Pseudo" name="test_reserved_pseudo_rejected_for_non_dev" time="0.111" /><testcase classname="tests.test_sprint_a1_signalmar.TestR2Pseudo" name="test_duplicate_pseudo_rejected" time="0.488" /><testcase classname="tests.test_sprint_a1_signalmar.TestR3Maintainer" name="test_login_maintainer" time="0.356"><failure message="AssertionError: assert 'Quartier-maitre_4792' == 'SignalMar'&#10;  &#10;  - SignalMar&#10;  + Quartier-maitre_4792">tests/test_sprint_a1_signalmar.py:129: in test_login_maintainer
    assert u["pseudo"] == "SignalMar"
E   AssertionError: assert 'Quartier-maitre_4792' == 'SignalMar'
E     
E     - SignalMar
E     + Quartier-maitre_4792</failure></testcase><testcase classname="tests.test_sprint_a1_signalmar.TestR3Maintainer" name="test_me_maintainer" time="0.472"><failure message="AssertionError: assert 'Quartier-maitre_4792' == 'SignalMar'&#10;  &#10;  - SignalMar&#10;  + Quartier-maitre_4792">tests/test_sprint_a1_signalmar.py:141: in test_me_maintainer
    assert u["pseudo"] == "SignalMar"
E   AssertionError: assert 'Quartier-maitre_4792' == 'SignalMar'
E     
E     - SignalMar
E     + Quartier-maitre_4792</failure></testcase><testcase classname="tests.test_sprint_a1_signalmar.TestR4ReportsV2" name="test_animal_marin_mammifere_6h" time="0.140" /><testcase classname="tests.test_sprint_a1_signalmar.TestR4ReportsV2" name="test_pollution_cote_24h" time="1.144" /><testcase classname="tests.test_sprint_a1_signalmar.TestR4ReportsV2" name="test_obstacle_conteneur_1h" time="1.255" /><testcase classname="tests.test_sprint_a1_signalmar.TestR4ReportsV2" name="test_autre_free" time="0.140" /><testcase classname="tests.test_sprint_a1_signalmar.TestR4ReportsV2" name="test_legacy_type_rejected" time="0.109" /><testcase classname="tests.test_sprint_a1_signalmar.TestR4ReportsV2" name="test_author_identity_is_pseudo_only" time="0.152"><failure message="AssertionError: assert 'Quartier-maitre_4792' == 'SignalMar'&#10;  &#10;  - SignalMar&#10;  + Quartier-maitre_4792">tests/test_sprint_a1_signalmar.py:238: in test_author_identity_is_pseudo_only
    assert j["author"]["pseudo"] == "SignalMar"
E   AssertionError: assert 'Quartier-maitre_4792' == 'SignalMar'
E     
E     - SignalMar
E     + Quartier-maitre_4792</failure></testcase><testcase classname="tests.test_sprint_a1_signalmar.TestR4ReportsV2" name="test_list_reports_after_wipe" time="0.129" /><testcase classname="tests.test_sprint_a2_demo_seed.TestB4MaintainerMe" name="test_me_returns_title_pseudo_is_dev" time="0.466"><failure message="AssertionError: pseudo='Quartier-maitre_4792'&#10;assert 'Quartier-maitre_4792' == 'SignalMar'&#10;  &#10;  - SignalMar&#10;  + Quartier-maitre_4792">tests/test_sprint_a2_demo_seed.py:57: in test_me_returns_title_pseudo_is_dev
    assert u["pseudo"] == "SignalMar", f"pseudo={u.get('pseudo')!r}"
E   AssertionError: pseudo='Quartier-maitre_4792'
E   assert 'Quartier-maitre_4792' == 'SignalMar'
E     
E     - SignalMar
E     + Quartier-maitre_4792</failure></testcase><testcase classname="tests.test_sprint_a2_demo_seed.TestB1DemoReportsCollection" name="test_at_least_30_reports_returned" time="0.138"><failure message="AssertionError: expected &gt;=30 reports, got 25&#10;assert 25 &gt;= 30&#10; +  where 25 = len([{'id': 'b5dce20244d240c1be1dc22cda716ad1', 'short_id': '5C7F4DZY', 'type': 'autre', 'lat': 47.5, ...}, {'id': '447c6f... ...}, {'id': '88586bcc11734402ba1409aa50a9414c', 'short_id': 'T966XSK4', 'type': 'autorites', 'lat': 43.29, ...}, ...])">tests/test_sprint_a2_demo_seed.py:65: in test_at_least_30_reports_returned
    assert len(all_reports) &gt;= 30, f"expected &gt;=30 reports, got {len(all_reports)}"
E   AssertionError: expected &gt;=30 reports, got 25
E   assert 25 &gt;= 30
E    +  where 25 = len([{'id': 'b5dce20244d240c1be1dc22cda716ad1', 'short_id': '5C7F4DZY', 'type': 'autre', 'lat': 47.5, ...}, {'id': '447c6f... ...}, {'id': '88586bcc11734402ba1409aa50a9414c', 'short_id': 'T966XSK4', 'type': 'autorites', 'lat': 43.29, ...}, ...])</failure></testcase><testcase classname="tests.test_sprint_a2_demo_seed.TestB1DemoReportsCollection" name="test_all_demo_reports_meet_spec" time="0.000"><failure message="AssertionError: expected &gt;=30 is_demo reports, got 0&#10;assert 0 &gt;= 30&#10; +  where 0 = len([])">tests/test_sprint_a2_demo_seed.py:71: in test_all_demo_reports_meet_spec
    assert len(demo) &gt;= 30, f"expected &gt;=30 is_demo reports, got {len(demo)}"
E   AssertionError: expected &gt;=30 is_demo reports, got 0
E   assert 0 &gt;= 30
E    +  where 0 = len([])</failure></testcase><testcase classname="tests.test_sprint_a2_demo_seed.TestB2AnimalFilter" name="test_filter_animal_marin_returns_subset" time="0.137"><failure message="AssertionError: expected &gt;=5 animal_marin demo reports, got 2&#10;assert 2 &gt;= 5&#10; +  where 2 = len([{'id': 'd25551ceecb84f268941d03d886c35c0', 'short_id': 'S4G8MDHU', 'type': 'animal_marin', 'lat': 47.45, ...}, {'id': 'ace6c07949254b299d0491e05a70faba', 'short_id': '272RD7PY', 'type': 'animal_marin', 'lat': 47.48277836035042, ...}])">tests/test_sprint_a2_demo_seed.py:112: in test_filter_animal_marin_returns_subset
    assert len(filtered) &gt;= 5, f"expected &gt;=5 animal_marin demo reports, got {len(filtered)}"
E   AssertionError: expected &gt;=5 animal_marin demo reports, got 2
E   assert 2 &gt;= 5
E    +  where 2 = len([{'id': 'd25551ceecb84f268941d03d886c35c0', 'short_id': 'S4G8MDHU', 'type': 'animal_marin', 'lat': 47.45, ...}, {'id': 'ace6c07949254b299d0491e05a70faba', 'short_id': '272RD7PY', 'type': 'animal_marin', 'lat': 47.48277836035042, ...}])</failure></testcase><testcase classname="tests.test_sprint_a2_demo_seed.TestB2AnimalFilter" name="test_animal_marin_subtype_and_health_shape" time="0.000"><failure message="AssertionError: expected &gt;=5 demo animal_marin reports, got 0&#10;assert 0 &gt;= 5&#10; +  where 0 = len([])">tests/test_sprint_a2_demo_seed.py:120: in test_animal_marin_subtype_and_health_shape
    assert len(animals) &gt;= 5, f"expected &gt;=5 demo animal_marin reports, got {len(animals)}"
E   AssertionError: expected &gt;=5 demo animal_marin reports, got 0
E   assert 0 &gt;= 5
E    +  where 0 = len([])</failure></testcase><testcase classname="tests.test_sprint_a2_demo_seed.TestB3PhotosListVsDetail" name="test_list_returns_empty_photos_but_photo_count_set" time="0.000"><failure message="AssertionError: no demo reports found&#10;assert []">tests/test_sprint_a2_demo_seed.py:140: in test_list_returns_empty_photos_but_photo_count_set
    assert demo, "no demo reports found"
E   AssertionError: no demo reports found
E   assert []</failure></testcase><testcase classname="tests.test_sprint_a2_demo_seed.TestB3PhotosListVsDetail" name="test_detail_endpoint_returns_compressed_jpeg" time="0.000"><failure message="AssertionError: no demo report with photos to dereference&#10;assert None">tests/test_sprint_a2_demo_seed.py:157: in test_detail_endpoint_returns_compressed_jpeg
    assert target, "no demo report with photos to dereference"
E   AssertionError: no demo report with photos to dereference
E   assert None</failure></testcase><testcase classname="tests.test_sprint_a2_demo_seed.TestB3PhotosListVsDetail" name="test_total_list_response_size_under_200kb" time="0.128" /><testcase classname="tests.test_sprint_a2_demo_seed.TestDemoAuditExtra" name="test_demo_distribution_coordinates_in_morbihan_bbox" time="0.000" /><testcase classname="tests.test_sprint_a2_demo_seed.TestDemoAuditExtra" name="test_demo_type_diversity" time="0.000"><failure message="AssertionError: low demo type diversity: set()&#10;assert 0 &gt;= 4&#10; +  where 0 = len(set())">tests/test_sprint_a2_demo_seed.py:215: in test_demo_type_diversity
    assert len(types) &gt;= 4, f"low demo type diversity: {types}"
E   AssertionError: low demo type diversity: set()
E   assert 0 &gt;= 4
E    +  where 0 = len(set())</failure></testcase></testsuite></testsuites>