<?xml version="1.0" encoding="utf-8"?><testsuites name="pytest tests"><testsuite name="pytest" errors="0" failures="0" skipped="2" tests="27" time="27.474" timestamp="2026-08-31T08:45:25.577452+00:00" hostname="agent-env-58b5cc0b-27b6-45bf-bc92-0f41e7099716"><testcase classname="tests.test_iter136_moteur_f_trinite_truie" name="test_registry_a_signalmar_v6" time="0.000" /><testcase classname="tests.test_iter137_cardinale_chenal" name="test_b5_prend_le_chenal_court" time="2.980" /><testcase classname="tests.test_iter137_cardinale_chenal" name="test_passage_entre_truie_et_druic[res_b5]" time="0.001" /><testcase classname="tests.test_iter137_cardinale_chenal" name="test_passage_entre_truie_et_druic[res_ct]" time="2.253" /><testcase classname="tests.test_iter136_moteur_f_trinite_truie" name="test_moteur_e_fige_conserve_son_bug_truie" time="3.655" /><testcase classname="tests.test_iter137_cardinale_chenal" name="test_b5_ct_convergent" time="0.000" /><testcase classname="tests.test_iter137_cardinale_chenal" name="test_cap_cardinale_seulement_en_mode_v6" time="0.006" /><testcase classname="tests.test_iter137_cardinale_chenal" name="test_moteur_e_b5_inchange" time="3.351" /><testcase classname="tests.test_iter136_moteur_f_trinite_truie" name="test_f_truie_du_bon_cote" time="2.067" /><testcase classname="tests.test_iter136_moteur_f_trinite_truie" name="test_f_aucun_avertissement_mauvais_cote_ni_frolement" time="0.000" /><testcase classname="tests.test_iter136_moteur_f_trinite_truie" name="test_f_chenal_trinite_respecte" time="0.001" /><testcase classname="tests.test_iter136_moteur_f_trinite_truie" name="test_f_arrivee_atteinte_exactement" time="0.000" /><testcase classname="tests.test_iter136_moteur_f_trinite_truie" name="test_f_pas_de_trajectoire_en_z" time="2.350" /><testcase classname="tests.test_iter136_moteur_f_trinite_truie" name="test_f_route_z_arrivee_et_balises" time="0.000" /><testcase classname="tests.test_iter136_moteur_f_trinite_truie" name="test_f_fond_jamais_degrade" time="0.000" /><testcase classname="tests.test_iter136_moteur_f_trinite_truie" name="test_f_illur_nord_2_sens_comme_d_et_e" time="1.813" /><testcase classname="tests.test_iter139_directions_chenaux" name="test_petite_jument_direction_corrigee_par_bathy" time="0.000" /><testcase classname="tests.test_iter139_directions_chenaux" name="test_kerpenhir_et_rouzins_heritent_une_direction" time="0.001" /><testcase classname="tests.test_iter139_directions_chenaux" name="test_truie_d_arradon_direction_intacte" time="0.000" /><testcase classname="tests.test_iter139_directions_chenaux" name="test_lorient_f_pas_pire_et_petite_jument_pas_recoupee_franchement" time="1.757" /><testcase classname="tests.test_iter140_perf_route_10s" name="test_00_warmup" time="1.873" /><testcase classname="tests.test_iter139_directions_chenaux" name="test_lorient_f_zero_mauvais_cote" time="1.748" /><testcase classname="tests.test_iter140_perf_route_10s" name="test_perf1_lorient_to_golfe_under_10s" time="4.743" /><testcase classname="tests.test_iter139_directions_chenaux" name="test_n4_faux_couple_corrige_par_consensus" time="0.000"><skipped type="pytest.xfail" message="iter143 : consensus N°4 marginal (0.4998 &lt; 0.5) avec la grille fine — direction corrigée en mode Moteur H" /></testcase><testcase classname="tests.test_iter140_perf_route_10s" name="test_perf2_lorient_to_trinite_under_5s" time="1.484" /><testcase classname="tests.test_iter140_perf_route_10s" name="test_iter139_lorient_wrong_side_empty" time="1.954"><skipped type="pytest.xfail" message="iter143 : faux positifs Jument/N°4 sur engine_f (faux couples) — corrigés par le Moteur H, F gelé" /></testcase><testcase classname="tests.test_iter140_perf_route_10s" name="test_sanity_engine_e_200" time="6.681" /></testsuite></testsuites>