<?xml version="1.0" encoding="utf-8"?><testsuites name="pytest tests"><testsuite name="pytest" errors="0" failures="0" skipped="0" tests="15" time="15.580" timestamp="2026-08-31T08:45:03.944767+00:00" hostname="agent-env-58b5cc0b-27b6-45bf-bc92-0f41e7099716"><testcase classname="tests.test_iter143_moteur_h" name="test_network_loaded_and_clipped" time="4.635" /><testcase classname="tests.test_iter144_bathy_lorient_passes" name="test_bug_a_kernevel_marina_to_larmor" time="2.815" /><testcase classname="tests.test_iter144_bathy_lorient_passes" name="test_bug_b_kernevel_entree_grand_chenal" time="0.256" /><testcase classname="tests.test_iter144_bathy_lorient_passes" name="test_bug_c_large_to_port_lorient" time="2.408" /><testcase classname="tests.test_iter143_moteur_h" name="test_plan_lorient_attaches_passes" time="0.008" /><testcase classname="tests.test_iter143_moteur_h" name="test_plan_belle_ile_arradon_uses_teignouse" time="0.011" /><testcase classname="tests.test_iter143_moteur_h" name="test_plan_open_sea_returns_empty" time="0.007" /><testcase classname="tests.test_iter143_moteur_h" name="test_network_respecte_le_balisage_lateral" time="5.371" /><testcase classname="tests.test_iter144_bathy_lorient_passes" name="test_bug_c_engine_h_official_tracks" time="2.370" /><testcase classname="tests.test_iter144_bathy_lorient_passes" name="test_bathy_axe_passe_jument_citadelle_ok" time="0.116" /><testcase classname="tests.test_iter144_bathy_lorient_passes" name="test_bathy_pengarne_danger_preserve" time="0.110" /><testcase classname="tests.test_iter143_moteur_h" name="test_jument_direction_corrigee_en_mode_h" time="0.001" /><testcase classname="tests.test_iter143_moteur_h" name="test_engine_h_listed" time="0.457" /><testcase classname="tests.test_iter143_moteur_h" name="test_engine_h_lorient_tracks_et_zero_mauvais_cote" time="2.361" /><testcase classname="tests.test_iter143_moteur_h" name="test_engine_f_intact_lorient" time="2.353" /></testsuite></testsuites>