<?xml version="1.0" encoding="utf-8"?><testsuites name="pytest tests"><testsuite name="pytest" errors="0" failures="0" skipped="0" tests="26" time="12.601" timestamp="2026-08-26T13:17:17.825912+00:00" hostname="agent-env-3ac0c79b-e6ce-4787-bbaf-4a52f8159cee"><testcase classname="tests.test_iter139_directions_chenaux" name="test_petite_jument_direction_corrigee_par_bathy" time="0.175" /><testcase classname="tests.test_iter136_moteur_f_trinite_truie" name="test_registry_a_signalmar_v6" time="0.000" /><testcase classname="tests.test_iter139_directions_chenaux" name="test_kerpenhir_et_rouzins_heritent_une_direction" time="0.001" /><testcase classname="tests.test_iter139_directions_chenaux" name="test_truie_d_arradon_direction_intacte" time="0.000" /><testcase classname="tests.test_iter139_directions_chenaux" name="test_lorient_f_pas_pire_et_petite_jument_pas_recoupee_franchement" time="2.199" /><testcase classname="tests.test_iter139_directions_chenaux" name="test_lorient_f_zero_mauvais_cote" time="1.616" /><testcase classname="tests.test_iter136_moteur_f_trinite_truie" name="test_moteur_e_fige_conserve_son_bug_truie" time="3.681" /><testcase classname="tests.test_iter139_directions_chenaux" name="test_n4_faux_couple_corrige_par_consensus" time="0.000" /><testcase classname="tests.test_iter136_moteur_f_trinite_truie" name="test_f_truie_du_bon_cote" time="2.093" /><testcase classname="tests.test_iter136_moteur_f_trinite_truie" name="test_f_aucun_avertissement_mauvais_cote_ni_frolement" time="0.000" /><testcase classname="tests.test_iter136_moteur_f_trinite_truie" name="test_f_chenal_trinite_respecte" time="0.001" /><testcase classname="tests.test_iter136_moteur_f_trinite_truie" name="test_f_arrivee_atteinte_exactement" time="0.000" /><testcase classname="tests.test_iter137_cardinale_chenal" name="test_b5_prend_le_chenal_court" time="2.208" /><testcase classname="tests.test_iter137_cardinale_chenal" name="test_passage_entre_truie_et_druic[res_b5]" time="0.001" /><testcase classname="tests.test_iter137_cardinale_chenal" name="test_passage_entre_truie_et_druic[res_ct]" time="2.249" /><testcase classname="tests.test_iter136_moteur_f_trinite_truie" name="test_f_pas_de_trajectoire_en_z" time="2.370" /><testcase classname="tests.test_iter136_moteur_f_trinite_truie" name="test_f_route_z_arrivee_et_balises" time="0.000" /><testcase classname="tests.test_iter136_moteur_f_trinite_truie" name="test_f_fond_jamais_degrade" time="0.000" /><testcase classname="tests.test_iter136_moteur_f_trinite_truie" name="test_f_illur_nord_2_sens_comme_d_et_e" time="1.780" /><testcase classname="tests.test_iter137_cardinale_chenal" name="test_b5_ct_convergent" time="0.000" /><testcase classname="tests.test_iter137_cardinale_chenal" name="test_cap_cardinale_seulement_en_mode_v6" time="0.006" /><testcase classname="tests.test_iter137_cardinale_chenal" name="test_moteur_e_b5_inchange" time="3.315" /><testcase classname="tests.test_iter138_audit_qa" name="test_p0_aucun_troncon_sur_terre" time="0.705" /><testcase classname="tests.test_iter138_audit_qa" name="test_p0_arrivee_a_terre_honnete" time="0.000" /><testcase classname="tests.test_iter138_audit_qa" name="test_p0_moteur_e_fige_inchange" time="0.454" /><testcase classname="tests.test_iter138_audit_qa" name="test_gel_moteurs_et_resolution_stricte" time="0.073" /></testsuite></testsuites>