<?xml version="1.0" encoding="utf-8"?><testsuites name="pytest tests"><testsuite name="pytest" errors="0" failures="0" skipped="0" tests="10" time="26.261" timestamp="2026-08-13T15:33:24.462140+00:00" hostname="agent-env-3ac0c79b-e6ce-4787-bbaf-4a52f8159cee"><testcase classname="tests.test_iter136_moteur_f_trinite_truie" name="test_registry_a_signalmar_v6" time="0.000" /><testcase classname="tests.test_iter136_moteur_f_trinite_truie" name="test_moteur_e_fige_conserve_son_bug_truie" time="7.914" /><testcase classname="tests.test_iter136_moteur_f_trinite_truie" name="test_f_truie_du_bon_cote" time="8.025" /><testcase classname="tests.test_iter136_moteur_f_trinite_truie" name="test_f_aucun_avertissement_mauvais_cote_ni_frolement" time="0.000" /><testcase classname="tests.test_iter136_moteur_f_trinite_truie" name="test_f_chenal_trinite_respecte" time="0.001" /><testcase classname="tests.test_iter136_moteur_f_trinite_truie" name="test_f_arrivee_atteinte_exactement" time="0.000" /><testcase classname="tests.test_iter136_moteur_f_trinite_truie" name="test_f_pas_de_trajectoire_en_z" time="7.444" /><testcase classname="tests.test_iter136_moteur_f_trinite_truie" name="test_f_route_z_arrivee_et_balises" time="0.000" /><testcase classname="tests.test_iter136_moteur_f_trinite_truie" name="test_f_fond_jamais_degrade" time="0.000" /><testcase classname="tests.test_iter136_moteur_f_trinite_truie" name="test_f_illur_nord_2_sens_comme_d_et_e" time="2.219" /></testsuite></testsuites>