<?xml version="1.0" encoding="utf-8"?><testsuites name="pytest tests"><testsuite name="pytest" errors="0" failures="0" skipped="0" tests="5" time="25.032" timestamp="2026-08-26T13:16:10.281269+00:00" hostname="agent-env-3ac0c79b-e6ce-4787-bbaf-4a52f8159cee"><testcase classname="tests.test_iter140_perf_route_10s" name="test_00_warmup" time="2.882" /><testcase classname="tests.test_iter140_perf_route_10s" name="test_perf1_lorient_to_golfe_under_10s" time="8.578" /><testcase classname="tests.test_iter140_perf_route_10s" name="test_perf2_lorient_to_trinite_under_5s" time="1.546" /><testcase classname="tests.test_iter140_perf_route_10s" name="test_iter139_lorient_wrong_side_empty" time="6.235" /><testcase classname="tests.test_iter140_perf_route_10s" name="test_sanity_engine_e_200" time="5.468" /></testsuite></testsuites>