<?xml version="1.0" encoding="utf-8"?><testsuites name="pytest tests"><testsuite name="pytest" errors="0" failures="0" skipped="0" tests="21" time="2.569" timestamp="2026-09-09T08:21:50.073911+00:00" hostname="agent-env-9204372b-3b0d-44b7-ad9c-fb6d275847e4"><testcase classname="tests.test_iter164_master_plan.TestFrontendStatic" name="test_offline_dalles_module" time="0.000" /><testcase classname="tests.test_iter164_master_plan.TestFrontendStatic" name="test_map_offline_zone_ui" time="0.001" /><testcase classname="tests.test_iter164_master_plan.TestFrontendStatic" name="test_longpress_menu_offline_entry" time="0.000" /><testcase classname="tests.test_iter164_master_plan.TestDallesNpy" name="test_dalles_npy_success" time="1.511" /><testcase classname="tests.test_iter164_master_plan.TestFrontendStatic" name="test_bootstrap_max_zoom_21" time="0.000" /><testcase classname="tests.test_iter164_master_plan.TestFrontendStatic" name="test_tiles_osm_and_openseamap_max_zooms" time="0.000" /><testcase classname="tests.test_iter164_master_plan.TestFrontendStatic" name="test_bathy_dalles_z8_and_maxnative_19" time="0.000" /><testcase classname="tests.test_iter164_master_plan.TestAstarTuning" name="test_astar_tuning_default_is_none" time="0.242" /><testcase classname="tests.test_iter164_master_plan.TestAstarTuning" name="test_astar_synthetic_grid_paths_match_and_cap_returns_none" time="0.134" /><testcase classname="tests.test_iter164_master_plan.TestAstarTuning" name="test_engine_j_arms_astar_tuning_around_super" time="0.000" /><testcase classname="tests.test_iter164_master_plan.TestDallesList" name="test_dalles_list_success" time="1.023" /><testcase classname="tests.test_iter164_master_plan.TestDallesList" name="test_dalles_list_invalid_poly_422" time="0.128" /><testcase classname="tests.test_iter164_master_plan.TestDallesNpy" name="test_dalles_npy_invalid_name_422[tile_x.npy]" time="0.140" /><testcase classname="tests.test_iter164_master_plan.TestDallesFineList" name="test_dalles_fine_list_empty" time="0.153" /><testcase classname="tests.test_iter164_master_plan.TestDallesNpy" name="test_dalles_npy_invalid_name_422[tile_47.5_-2.9.txt]" time="0.121" /><testcase classname="tests.test_iter164_master_plan.TestDallesFineList" name="test_dalles_fine_list_invalid_bbox_422" time="0.141" /><testcase classname="tests.test_iter164_master_plan.TestDallesNpy" name="test_dalles_npy_invalid_name_422[malicious.npy]" time="0.142" /><testcase classname="tests.test_iter164_master_plan.TestDallesPng" name="test_z8_opaque" time="0.138" /><testcase classname="tests.test_iter164_master_plan.TestDallesNpy" name="test_dalles_npy_traversal_blocked" time="0.122" /><testcase classname="tests.test_iter164_master_plan.TestDallesPng" name="test_z7_fully_transparent" time="0.121" /><testcase classname="tests.test_iter164_master_plan.TestEngineIntact" name="test_engine_i_untouched_since_ref_commit" time="0.003" /></testsuite></testsuites>