<?xml version="1.0" encoding="utf-8"?><testsuites name="pytest tests"><testsuite name="pytest" errors="0" failures="0" skipped="0" tests="8" time="6.029" timestamp="2026-08-27T06:40:35.629324+00:00" hostname="agent-env-756a8a72-38dd-47e0-be80-ff71949739dd"><testcase classname="tests.test_iter143_moteur_h" name="test_network_loaded_and_clipped" time="0.143" /><testcase classname="tests.test_iter143_moteur_h" name="test_plan_lorient_attaches_passes" time="0.007" /><testcase classname="tests.test_iter143_moteur_h" name="test_plan_belle_ile_arradon_uses_teignouse" time="0.010" /><testcase classname="tests.test_iter143_moteur_h" name="test_plan_open_sea_returns_empty" time="0.007" /><testcase classname="tests.test_iter143_moteur_h" name="test_jument_direction_corrigee_en_mode_h" time="0.314" /><testcase classname="tests.test_iter143_moteur_h" name="test_engine_h_listed" time="0.439" /><testcase classname="tests.test_iter143_moteur_h" name="test_engine_h_lorient_tracks_et_zero_mauvais_cote" time="2.415" /><testcase classname="tests.test_iter143_moteur_h" name="test_engine_f_intact_lorient" time="2.354" /></testsuite></testsuites>