<?xml version="1.0" encoding="utf-8"?><testsuites name="pytest tests"><testsuite name="pytest" errors="0" failures="0" skipped="0" tests="37" time="19.539" timestamp="2026-08-26T18:35:58.051905+00:00" hostname="agent-env-756a8a72-38dd-47e0-be80-ff71949739dd"><testcase classname="tests.test_island_land_mask" name="test_island_is_not_navigable[Er Lannic]" time="0.002" /><testcase classname="tests.test_island_land_mask" name="test_island_is_not_navigable[Gavrinis]" time="0.001" /><testcase classname="tests.test_island_land_mask" name="test_island_is_not_navigable[\xcele aux Moines]" time="0.000" /><testcase classname="tests.test_island_land_mask" name="test_island_is_not_navigable[\xcele d'Arz]" time="0.000" /><testcase classname="tests.test_island_land_mask" name="test_island_is_not_navigable[Belle-\xcele (Bangor)]" time="0.000" /><testcase classname="tests.test_island_land_mask" name="test_island_is_not_navigable[Houat (bourg)]" time="0.000" /><testcase classname="tests.test_island_land_mask" name="test_island_is_not_navigable[Ho\xebdic (bourg)]" time="0.000" /><testcase classname="tests.test_island_land_mask" name="test_island_is_not_navigable[\xcele Dumet]" time="0.000" /><testcase classname="tests.test_island_land_mask" name="test_island_is_not_navigable[Groix (bourg)]" time="0.000" /><testcase classname="tests.test_island_land_mask" name="test_island_is_not_navigable[Ouessant (centre)]" time="0.000" /><testcase classname="tests.test_island_land_mask" name="test_island_is_not_navigable[\xcele de Sein (bourg)]" time="0.000" /><testcase classname="tests.test_island_land_mask" name="test_island_is_not_navigable[Br\xe9hat (bourg)]" time="0.000" /><testcase classname="tests.test_island_land_mask" name="test_island_is_not_navigable[\xcele d'Yeu (centre)]" time="0.000" /><testcase classname="tests.test_island_land_mask" name="test_island_is_not_navigable[Noirmoutier (bourg)]" time="0.000" /><testcase classname="tests.test_island_land_mask" name="test_island_is_not_navigable[\xcele de R\xe9 (Bois-Plage)]" time="0.000" /><testcase classname="tests.test_island_land_mask" name="test_islands_in_land_mask[land_mask.npy]" time="0.001" /><testcase classname="tests.test_island_land_mask" name="test_islands_in_land_mask[land_mask_lorient.npy]" time="0.001" /><testcase classname="tests.test_island_land_mask" name="test_islands_in_land_mask[land_mask_atl100.npy]" time="0.001" /><testcase classname="tests.test_island_land_mask" name="test_route_never_crosses_island[devant Er Lannic O\u2192E]" time="1.510" /><testcase classname="tests.test_island_land_mask" name="test_route_never_crosses_island[travers \xcele d'Arz N\u2192S]" time="0.268" /><testcase classname="tests.test_island_land_mask" name="test_route_never_crosses_island[travers Houat O\u2192E]" time="0.048" /><testcase classname="tests.test_island_land_mask" name="test_route_never_crosses_island[travers Groix N\u2192S]" time="0.050" /><testcase classname="tests.test_island_land_mask" name="test_route_never_crosses_island[travers Belle-\xcele NO\u2192SE]" time="0.099" /><testcase classname="tests.test_island_land_mask" name="test_route_never_crosses_island[travers Yeu NO\u2192SE]" time="0.017" /><testcase classname="tests.test_iter136_e2e_api_engine_f.TestEngineFCorrections" name="test_engine_f_route_arradon_trinite" time="4.033" /><testcase classname="tests.test_iter136_e2e_api_engine_f.TestEngineEFrozen" name="test_engine_e_still_has_truie_bug" time="3.575" /><testcase classname="tests.test_iter136_e2e_api_engine_f.TestEnginesList" name="test_engines_list_contains_f_and_e" time="0.230" /><testcase classname="tests.test_iter137_cardinale_chenal" name="test_b5_prend_le_chenal_court" time="2.307" /><testcase classname="tests.test_iter137_cardinale_chenal" name="test_passage_entre_truie_et_druic[res_b5]" time="0.001" /><testcase classname="tests.test_iter137_cardinale_chenal" name="test_passage_entre_truie_et_druic[res_ct]" time="2.350" /><testcase classname="tests.test_iter137_cardinale_chenal" name="test_b5_ct_convergent" time="0.000" /><testcase classname="tests.test_iter137_cardinale_chenal" name="test_cap_cardinale_seulement_en_mode_v6" time="0.006" /><testcase classname="tests.test_iter137_cardinale_chenal" name="test_moteur_e_b5_inchange" time="3.391" /><testcase classname="tests.test_iter138_audit_qa" name="test_p0_aucun_troncon_sur_terre" time="0.742" /><testcase classname="tests.test_iter138_audit_qa" name="test_p0_arrivee_a_terre_honnete" time="0.000" /><testcase classname="tests.test_iter138_audit_qa" name="test_p0_moteur_e_fige_inchange" time="0.461" /><testcase classname="tests.test_iter138_audit_qa" name="test_gel_moteurs_et_resolution_stricte" time="0.075" /></testsuite></testsuites>