<?xml version="1.0" encoding="utf-8"?><testsuites name="pytest tests"><testsuite name="pytest" errors="0" failures="0" skipped="0" tests="9" time="15.612" timestamp="2026-09-02T09:56:04.692410+00:00" hostname="agent-env-58b5cc0b-27b6-45bf-bc92-0f41e7099716"><testcase classname="tests.test_iter143_moteur_h" name="test_network_loaded_and_clipped" time="4.484" /><testcase classname="tests.test_iter143_moteur_h" name="test_plan_lorient_attaches_passes" time="0.008" /><testcase classname="tests.test_iter143_moteur_h" name="test_plan_belle_ile_arradon_uses_teignouse" time="0.011" /><testcase classname="tests.test_iter143_moteur_h" name="test_plan_open_sea_returns_empty" time="0.007" /><testcase classname="tests.test_iter143_moteur_h" name="test_network_respecte_le_balisage_lateral" time="5.187" /><testcase classname="tests.test_iter143_moteur_h" name="test_jument_direction_corrigee_en_mode_h" time="0.001" /><testcase classname="tests.test_iter143_moteur_h" name="test_engine_h_listed" time="0.726" /><testcase classname="tests.test_iter143_moteur_h" name="test_engine_h_lorient_tracks_et_zero_mauvais_cote" time="2.416" /><testcase classname="tests.test_iter143_moteur_h" name="test_engine_f_intact_lorient" time="2.409" /></testsuite></testsuites>