<?xml version="1.0" encoding="utf-8"?><testsuites name="pytest tests"><testsuite name="pytest" errors="0" failures="1" skipped="1" tests="30" time="34.386" timestamp="2026-08-31T09:42:08.755178+00:00" hostname="agent-env-58b5cc0b-27b6-45bf-bc92-0f41e7099716"><testcase classname="tests.test_iter143_moteur_h" name="test_network_loaded_and_clipped" time="4.305" /><testcase classname="tests.test_iter136_moteur_f_trinite_truie" name="test_registry_a_signalmar_v6" time="0.000" /><testcase classname="tests.test_iter136_moteur_f_trinite_truie" name="test_moteur_e_fige_conserve_son_bug_truie" time="3.651" /><testcase classname="tests.test_iter143_moteur_h" name="test_plan_lorient_attaches_passes" time="0.008" /><testcase classname="tests.test_iter143_moteur_h" name="test_plan_belle_ile_arradon_uses_teignouse" time="0.011" /><testcase classname="tests.test_iter143_moteur_h" name="test_plan_open_sea_returns_empty" time="0.007" /><testcase classname="tests.test_iter143_moteur_h" name="test_network_respecte_le_balisage_lateral" time="5.351" /><testcase classname="tests.test_iter136_moteur_f_trinite_truie" name="test_f_truie_du_bon_cote" time="2.066" /><testcase classname="tests.test_iter136_moteur_f_trinite_truie" name="test_f_aucun_avertissement_mauvais_cote_ni_frolement" time="0.000" /><testcase classname="tests.test_iter136_moteur_f_trinite_truie" name="test_f_chenal_trinite_respecte" time="0.001" /><testcase classname="tests.test_iter136_moteur_f_trinite_truie" name="test_f_arrivee_atteinte_exactement" time="0.000" /><testcase classname="tests.test_iter136_moteur_f_trinite_truie" name="test_f_pas_de_trajectoire_en_z" time="2.330" /><testcase classname="tests.test_iter136_moteur_f_trinite_truie" name="test_f_route_z_arrivee_et_balises" time="0.000" /><testcase classname="tests.test_iter136_moteur_f_trinite_truie" name="test_f_fond_jamais_degrade" time="0.000" /><testcase classname="tests.test_iter136_moteur_f_trinite_truie" name="test_f_illur_nord_2_sens_comme_d_et_e" time="1.792" /><testcase classname="tests.test_iter143_moteur_h" name="test_jument_direction_corrigee_en_mode_h" time="0.001" /><testcase classname="tests.test_iter143_moteur_h" name="test_engine_h_listed" time="0.628" /><testcase classname="tests.test_iter144_bathy_lorient_passes" name="test_bug_a_kernevel_marina_to_larmor" time="2.827" /><testcase classname="tests.test_iter143_moteur_h" name="test_engine_h_lorient_tracks_et_zero_mauvais_cote" time="2.459"><failure message="AssertionError: faux couples non corrigés : [{'name': 'latérale port', 'kind': 'lateral', 'category': 'port', 'dist_m': 119.2, 'side_required': 'à bâbord'}]&#10;assert [{'name': 'la...: 119.2, ...}] == []&#10;  &#10;  Left contains one more item: {'name': 'latérale port', 'kind': 'lateral', 'category': 'port', 'dist_m': 119.2, ...}&#10;  &#10;  Full diff:&#10;  - []&#10;  + [&#10;  +     {...&#10;  &#10;  ...Full output truncated (7 lines hidden), use '-vv' to show">tests/test_iter143_moteur_h.py:151: in test_engine_h_lorient_tracks_et_zero_mauvais_cote
    assert wsm == [], f"faux couples non corrigés : {wsm}"
E   AssertionError: faux couples non corrigés : [{'name': 'latérale port', 'kind': 'lateral', 'category': 'port', 'dist_m': 119.2, 'side_required': 'à bâbord'}]
E   assert [{'name': 'la...: 119.2, ...}] == []
E     
E     Left contains one more item: {'name': 'latérale port', 'kind': 'lateral', 'category': 'port', 'dist_m': 119.2, ...}
E     
E     Full diff:
E     - []
E     + [
E     +     {...
E     
E     ...Full output truncated (7 lines hidden), use '-vv' to show</failure></testcase><testcase classname="tests.test_iter144_bathy_lorient_passes" name="test_bug_b_kernevel_entree_grand_chenal" time="0.298" /><testcase classname="tests.test_iter143_moteur_h" name="test_engine_f_intact_lorient" time="4.457" /><testcase classname="tests.test_iter144_bathy_lorient_passes" name="test_bug_c_large_to_port_lorient" time="2.366" /><testcase classname="tests.test_iter144_bathy_lorient_passes" name="test_bug_c_engine_h_official_tracks" time="2.377" /><testcase classname="tests.test_iter140_perf_route_10s" name="test_00_warmup" time="1.940" /><testcase classname="tests.test_iter144_bathy_lorient_passes" name="test_bathy_axe_passe_jument_citadelle_ok" time="1.241" /><testcase classname="tests.test_iter144_bathy_lorient_passes" name="test_bathy_pengarne_danger_preserve" time="0.116" /><testcase classname="tests.test_iter140_perf_route_10s" name="test_perf1_lorient_to_golfe_under_10s" time="4.215" /><testcase classname="tests.test_iter140_perf_route_10s" name="test_perf2_lorient_to_trinite_under_5s" time="1.607" /><testcase classname="tests.test_iter140_perf_route_10s" name="test_iter139_lorient_wrong_side_empty" time="1.875"><skipped type="pytest.xfail" message="iter143 : faux positifs Jument/N°4 sur engine_f (faux couples) — corrigés par le Moteur H, F gelé" /></testcase><testcase classname="tests.test_iter140_perf_route_10s" name="test_sanity_engine_e_200" time="6.728" /></testsuite></testsuites>