<?xml version="1.0" encoding="utf-8"?><testsuites name="pytest tests"><testsuite name="pytest" errors="0" failures="1" skipped="1" tests="37" time="22.512" timestamp="2026-08-27T07:18:37.235640+00:00" hostname="agent-env-756a8a72-38dd-47e0-be80-ff71949739dd"><testcase classname="tests.test_iter143_moteur_h" name="test_network_loaded_and_clipped" time="0.056" /><testcase classname="tests.test_island_land_mask" name="test_island_is_not_navigable[Er Lannic]" time="0.002" /><testcase classname="tests.test_island_land_mask" name="test_island_is_not_navigable[Gavrinis]" time="0.000" /><testcase classname="tests.test_island_land_mask" name="test_island_is_not_navigable[\xcele aux Moines]" time="0.000" /><testcase classname="tests.test_island_land_mask" name="test_island_is_not_navigable[\xcele d'Arz]" time="0.000" /><testcase classname="tests.test_island_land_mask" name="test_island_is_not_navigable[Belle-\xcele (Bangor)]" time="0.000" /><testcase classname="tests.test_island_land_mask" name="test_island_is_not_navigable[Houat (bourg)]" time="0.000" /><testcase classname="tests.test_island_land_mask" name="test_island_is_not_navigable[Ho\xebdic (bourg)]" time="0.000" /><testcase classname="tests.test_island_land_mask" name="test_island_is_not_navigable[\xcele Dumet]" time="0.000" /><testcase classname="tests.test_island_land_mask" name="test_island_is_not_navigable[Groix (bourg)]" time="0.000" /><testcase classname="tests.test_island_land_mask" name="test_island_is_not_navigable[Ouessant (centre)]" time="0.000" /><testcase classname="tests.test_island_land_mask" name="test_island_is_not_navigable[\xcele de Sein (bourg)]" time="0.000" /><testcase classname="tests.test_island_land_mask" name="test_island_is_not_navigable[Br\xe9hat (bourg)]" time="0.000" /><testcase classname="tests.test_island_land_mask" name="test_island_is_not_navigable[\xcele d'Yeu (centre)]" time="0.000" /><testcase classname="tests.test_island_land_mask" name="test_island_is_not_navigable[Noirmoutier (bourg)]" time="0.000" /><testcase classname="tests.test_island_land_mask" name="test_island_is_not_navigable[\xcele de R\xe9 (Bois-Plage)]" time="0.000" /><testcase classname="tests.test_island_land_mask" name="test_islands_in_land_mask[land_mask.npy]" time="0.001" /><testcase classname="tests.test_island_land_mask" name="test_islands_in_land_mask[land_mask_lorient.npy]" time="0.001" /><testcase classname="tests.test_island_land_mask" name="test_islands_in_land_mask[land_mask_atl100.npy]" time="0.001" /><testcase classname="tests.test_island_land_mask" name="test_route_never_crosses_island[devant Er Lannic O\u2192E]" time="1.468" /><testcase classname="tests.test_iter143_moteur_h" name="test_plan_lorient_attaches_passes" time="0.007" /><testcase classname="tests.test_iter143_moteur_h" name="test_plan_belle_ile_arradon_uses_teignouse" time="0.010" /><testcase classname="tests.test_iter143_moteur_h" name="test_plan_open_sea_returns_empty" time="0.007" /><testcase classname="tests.test_iter143_moteur_h" name="test_jument_direction_corrigee_en_mode_h" time="0.159" /><testcase classname="tests.test_iter143_moteur_h" name="test_engine_h_listed" time="0.231" /><testcase classname="tests.test_iter143_moteur_h" name="test_engine_h_lorient_tracks_et_zero_mauvais_cote" time="2.017"><failure message="AssertionError: faux couples non corrigés : [{'name': 'N° 3', 'kind': 'lateral', 'category': 'starboard', 'dist_m': 110.1, 'side_required': 'à tribord'}, {'name': 'Banc du Turc', 'kind': 'lateral', 'category': 'starboard', 'dist_m': 113.7, 'side_required': 'à tribord'}]&#10;assert [{'name': 'N°...: 113.7, ...}] == []&#10;  &#10;  Left contains 2 more items, first extra item: {'name': 'N° 3', 'kind': 'lateral', 'category': 'starboard', 'dist_m': 110.1, ...}&#10;  &#10;  Full diff:&#10;  - []&#10;  + [&#10;  +     {...&#10;  &#10;  ...Full output truncated (14 lines hidden), use '-vv' to show">backend/tests/test_iter143_moteur_h.py:116: in test_engine_h_lorient_tracks_et_zero_mauvais_cote
    assert wsm == [], f"faux couples non corrigés : {wsm}"
E   AssertionError: faux couples non corrigés : [{'name': 'N° 3', 'kind': 'lateral', 'category': 'starboard', 'dist_m': 110.1, 'side_required': 'à tribord'}, {'name': 'Banc du Turc', 'kind': 'lateral', 'category': 'starboard', 'dist_m': 113.7, 'side_required': 'à tribord'}]
E   assert [{'name': 'N°...: 113.7, ...}] == []
E     
E     Left contains 2 more items, first extra item: {'name': 'N° 3', 'kind': 'lateral', 'category': 'starboard', 'dist_m': 110.1, ...}
E     
E     Full diff:
E     - []
E     + [
E     +     {...
E     
E     ...Full output truncated (14 lines hidden), use '-vv' to show</failure></testcase><testcase classname="tests.test_island_land_mask" name="test_route_never_crosses_island[travers \xcele d'Arz N\u2192S]" time="0.261" /><testcase classname="tests.test_island_land_mask" name="test_route_never_crosses_island[travers Houat O\u2192E]" time="0.045" /><testcase classname="tests.test_island_land_mask" name="test_route_never_crosses_island[travers Groix N\u2192S]" time="0.048" /><testcase classname="tests.test_island_land_mask" name="test_route_never_crosses_island[travers Belle-\xcele NO\u2192SE]" time="0.096" /><testcase classname="tests.test_island_land_mask" name="test_route_never_crosses_island[travers Yeu NO\u2192SE]" time="0.016" /><testcase classname="tests.test_iter143_moteur_h" name="test_engine_f_intact_lorient" time="2.009" /><testcase classname="tests.test_iter140_perf_route_10s" name="test_00_warmup" time="1.694" /><testcase classname="tests.test_iter140_perf_route_10s" name="test_perf1_lorient_to_golfe_under_10s" time="5.000" /><testcase classname="tests.test_iter140_perf_route_10s" name="test_perf2_lorient_to_trinite_under_5s" time="1.330" /><testcase classname="tests.test_iter140_perf_route_10s" name="test_iter139_lorient_wrong_side_empty" time="1.844"><skipped type="pytest.xfail" message="iter143 : faux positifs Jument/N°4 sur engine_f (faux couples) — corrigés par le Moteur H, F gelé" /></testcase><testcase classname="tests.test_iter140_perf_route_10s" name="test_sanity_engine_e_200" time="7.260" /></testsuite></testsuites>