<?xml version="1.0" encoding="utf-8"?><testsuites name="pytest tests"><testsuite name="pytest" errors="0" failures="0" skipped="0" tests="8" time="0.498" timestamp="2026-09-07T15:34:52.404792+00:00" hostname="agent-env-ea01caa6-431c-4a7d-841f-02b557572489"><testcase classname="tests.test_tile_reader" name="test_index_metadata" time="0.001" /><testcase classname="tests.test_tile_reader" name="test_stats_partial_delivery" time="0.001" /><testcase classname="tests.test_tile_reader" name="test_depth_matches_mosaic" time="0.006" /><testcase classname="tests.test_tile_reader" name="test_island_bake_is_none" time="0.002" /><testcase classname="tests.test_tile_reader" name="test_missing_tile_file_is_graceful" time="0.001" /><testcase classname="tests.test_tile_reader" name="test_out_of_coverage" time="0.000" /><testcase classname="tests.test_tile_reader" name="test_subcell_offset_neighbor_fallback" time="0.000" /><testcase classname="tests.test_tile_reader" name="test_tiles_for_bbox" time="0.000" /></testsuite></testsuites>