<?xml version="1.0" encoding="utf-8"?><testsuites name="pytest tests"><testsuite name="pytest" errors="0" failures="0" skipped="0" tests="32" time="43.715" timestamp="2026-08-13T15:35:55.708097+00:00" hostname="agent-env-3ac0c79b-e6ce-4787-bbaf-4a52f8159cee"><testcase classname="tests.test_iter136_moteur_f_trinite_truie" name="test_registry_a_signalmar_v6" time="0.000" /><testcase classname="tests.test_iter133_sens_conventionnel_isolees" name="test_illur_est_isolee_et_son_cote_navigable_est_le_nord" time="0.178" /><testcase classname="tests.test_iter133_sens_conventionnel_isolees" name="test_direction_conventionnelle_confiante_chiralite_verte" time="0.001" /><testcase classname="tests.test_iter133_sens_conventionnel_isolees" name="test_isolee_ambigue_reste_sans_signal" time="0.001" /><testcase classname="tests.test_iter133_sens_conventionnel_isolees" name="test_couple_prioritaire_sur_la_bathy" time="0.000" /><testcase classname="tests.test_iter133_sens_conventionnel_isolees" name="test_navigable_side_refuse_les_non_laterales" time="0.000" /><testcase classname="tests.test_iter133_sens_conventionnel_isolees" name="test_hors_mode_d_mark_dir_reste_le_gradient_historique" time="0.395" /><testcase classname="tests.test_iter133_sens_conventionnel_isolees" name="test_algo_v4_enregistre_et_moteurs_geles_intacts" time="0.000" /><testcase classname="tests.test_iter133_sens_conventionnel_isolees" name="test_mode_d_ne_leve_jamais_un_cote_fiable" time="0.005" /><testcase classname="tests.test_iter133_sens_conventionnel_isolees" name="test_moteur_d_passe_au_nord_d_illur_dans_les_deux_sens" time="2.244" /><testcase classname="tests.test_iter135_retours_moteur_e" name="test_grand_mouton_cote_ouest_confiant" time="0.001" /><testcase classname="tests.test_iter136_moteur_f_trinite_truie" name="test_moteur_e_fige_conserve_son_bug_truie" time="7.929" /><testcase classname="tests.test_iter136_moteur_f_trinite_truie" name="test_f_truie_du_bon_cote" time="8.044" /><testcase classname="tests.test_iter136_moteur_f_trinite_truie" name="test_f_aucun_avertissement_mauvais_cote_ni_frolement" time="0.000" /><testcase classname="tests.test_iter136_moteur_f_trinite_truie" name="test_f_chenal_trinite_respecte" time="0.001" /><testcase classname="tests.test_iter136_moteur_f_trinite_truie" name="test_f_arrivee_atteinte_exactement" time="0.000" /><testcase classname="tests.test_iter135_retours_moteur_e" name="test_grand_mouton_passee_a_l_ouest" time="15.461" /><testcase classname="tests.test_iter135_retours_moteur_e" name="test_aucun_mauvais_cote_route_crouesty" time="0.000" /><testcase classname="tests.test_iter135_retours_moteur_e" name="test_pas_d_embardee_entree_du_port" time="0.000" /><testcase classname="tests.test_iter135_retours_moteur_e" name="test_logoden_au_sud_chenal_de_vannes" time="1.258" /><testcase classname="tests.test_iter134_moteur_e" name="test_v5_enregistre_et_geles_intacts" time="0.000" /><testcase classname="tests.test_iter134_moteur_e" name="test_couples_reciproques_au_crouesty" time="0.001" /><testcase classname="tests.test_iter134_moteur_e" name="test_couple_ecarte_chenal_vannes_respecte" time="1.253" /><testcase classname="tests.test_iter134_moteur_e" name="test_arrivee_crouesty_atteinte" time="6.154" /><testcase classname="tests.test_iter136_moteur_f_trinite_truie" name="test_f_pas_de_trajectoire_en_z" time="7.476" /><testcase classname="tests.test_iter136_moteur_f_trinite_truie" name="test_f_route_z_arrivee_et_balises" time="0.000" /><testcase classname="tests.test_iter136_moteur_f_trinite_truie" name="test_f_fond_jamais_degrade" time="0.000" /><testcase classname="tests.test_iter136_moteur_f_trinite_truie" name="test_f_illur_nord_2_sens_comme_d_et_e" time="2.229" /><testcase classname="tests.test_iter136_e2e_api_engine_f.TestEngineEFrozen" name="test_engine_e_still_has_truie_bug" time="13.882" /><testcase classname="tests.test_iter134_moteur_e" name="test_illur_au_nord_dans_les_deux_sens" time="2.657" /><testcase classname="tests.test_iter136_e2e_api_engine_f.TestEngineFCorrections" name="test_engine_f_route_arradon_trinite" time="13.446" /><testcase classname="tests.test_iter136_e2e_api_engine_f.TestEnginesList" name="test_engines_list_contains_f_and_e" time="0.244" /></testsuite></testsuites>